Using pre-set license
Built from '2020.3/staging' branch; Version is '2020.3.13f1 (71691879b7f5) revision 7432472'; Using compiler version '192528614'; Build Type 'Release'
OS: 'Windows 8.1  (6.3.0) 64bit' Language: 'en' Physical Memory: 12153 MB
BatchMode: 1, IsHumanControllingUs: 0, StartBugReporterOnCrash: 0, Is64bit: 1, IsPro: 0

 COMMAND LINE ARGUMENTS:
C:\Program Files\Unity\Hub\Editor\2020.3.13f1\Editor\Unity.exe
-adb2
-batchMode
-noUpm
-name
AssetImportWorker0
-projectPath
C:/Users/Jay/Documents/UnityProjects/New Unity Project
-logFile
Logs/AssetImportWorker0.log
-srvPort
52735
Successfully changed project path to: C:/Users/Jay/Documents/UnityProjects/New Unity Project
C:/Users/Jay/Documents/UnityProjects/New Unity Project
Using Asset Import Pipeline V2.
Refreshing native plugins compatible for Editor in 160.32 ms, found 3 plugins.
Preloading 0 native plugins for Editor in 0.00 ms.
Initialize engine version: 2020.3.13f1 (71691879b7f5)
[Subsystems] Discovering subsystems at path C:/Program Files/Unity/Hub/Editor/2020.3.13f1/Editor/Data/Resources/UnitySubsystems
[Subsystems] Discovering subsystems at path C:/Users/Jay/Documents/UnityProjects/New Unity Project/Assets
GfxDevice: creating device client; threaded=0
d3d11: QueryInterface(IDXGIFactory5) failed (80004002).
Direct3D:
    Version:  Direct3D 11.0 [level 11.0]
    Renderer: Intel(R) HD Graphics 4000 (ID=0x166)
    Vendor:   
    VRAM:     1760 MB
    Driver:   10.18.10.3958
Initialize mono
Mono path[0] = 'C:/Program Files/Unity/Hub/Editor/2020.3.13f1/Editor/Data/Managed'
Mono path[1] = 'C:/Program Files/Unity/Hub/Editor/2020.3.13f1/Editor/Data/MonoBleedingEdge/lib/mono/unityjit'
Mono config path = 'C:/Program Files/Unity/Hub/Editor/2020.3.13f1/Editor/Data/MonoBleedingEdge/etc'
Using monoOptions --debugger-agent=transport=dt_socket,embedding=1,server=y,suspend=n,address=127.0.0.1:56192
Begin MonoManager ReloadAssembly
Registering precompiled unity dll's ...
Register platform support module: C:/Program Files/Unity/Hub/Editor/2020.3.13f1/Editor/Data/PlaybackEngines/WebGLSupport/UnityEditor.WebGL.Extensions.dll
Register platform support module: C:/Program Files/Unity/Hub/Editor/2020.3.13f1/Editor/Data/PlaybackEngines/WindowsStandaloneSupport/UnityEditor.WindowsStandalone.Extensions.dll
Registered in 0.005004 seconds.
Native extension for WindowsStandalone target not found
Native extension for WebGL target not found
Refreshing native plugins compatible for Editor in 167.04 ms, found 3 plugins.
Preloading 0 native plugins for Editor in 0.00 ms.
Mono: successfully reloaded assembly
- Completed reload, in  7.236 seconds
Platform modules already initialized, skipping
Registering precompiled user dll's ...
Registered in 0.019086 seconds.
Begin MonoManager ReloadAssembly
Native extension for WindowsStandalone target not found
Native extension for WebGL target not found
Refreshing native plugins compatible for Editor in 278.57 ms, found 3 plugins.
Preloading 0 native plugins for Editor in 0.00 ms.
Mono: successfully reloaded assembly
- Completed reload, in  4.843 seconds
Platform modules already initialized, skipping
========================================================================
Worker process is ready to serve import requests
Launched and connected shader compiler UnityShaderCompiler.exe after 0.05 seconds
Refreshing native plugins compatible for Editor in 1.58 ms, found 3 plugins.
Preloading 0 native plugins for Editor in 0.00 ms.
Unloading 2103 Unused Serialized files (Serialized files now loaded: 0)
System memory in use before: 96.0 MB.
System memory in use after: 96.1 MB.

Unloading 30 unused Assets to reduce memory usage. Loaded Objects now: 2547.
Total: 8.210609 ms (FindLiveObjects: 0.606764 ms CreateObjectMapping: 0.242213 ms MarkObjects: 6.926059 ms  DeleteObjects: 0.431467 ms)

AssetImportParameters requested are different than current active one (requested -> active):
  custom:framework-win-MediaFoundation: 216162199b28c13a410421893ffa2e32 -> 
  custom:video-decoder-ogg-theora: a1e56fd34408186e4bbccfd4996cb3dc -> 
  custom:container-muxer-webm: aa71ff27fc2769a1b78a27578f13a17b -> 
  custom:container-demuxer-webm: 4f35f7cbe854078d1ac9338744f61a02 -> 
  custom:container-demuxer-ogg: 62fdf1f143b41e24485cea50d1cbac27 -> 
  custom:video-encoder-webm-vp8: eb34c28f22e8b96e1ab97ce403110664 -> 
  custom:video-decoder-webm-vp8: 9c59270c3fd7afecdb556c50c9e8de78 -> 
  custom:audio-decoder-ogg-vorbis: bf7c407c2cedff20999df2af8eb42d56 -> 
  custom:audio-encoder-webm-vorbis: bf7c407c2cedff20999df2af8eb42d56 -> 
========================================================================
Received Import Request.
  path: Assets/Material images
  artifactKey: Guid(b6c07c49abc622a4a9eb1ba9df5bd40b) Importer(815301076,1909f56bfc062723c751e8b465ee728b)
Start importing Assets/Material images using Guid(b6c07c49abc622a4a9eb1ba9df5bd40b) Importer(815301076,1909f56bfc062723c751e8b465ee728b)  -> (artifact id: 'ba19aacfaa893da8c9cd1aea7f331492') in 0.032734 seconds 
  Import took 0.045174 seconds .

========================================================================
Received Import Request.
  Time since last request: 696.578740 seconds.
  path: Assets/scaleAnim.anim
  artifactKey: Guid(61f709c9ebf5e8440981da2e54b42b37) Importer(815301076,1909f56bfc062723c751e8b465ee728b)
Start importing Assets/scaleAnim.anim using Guid(61f709c9ebf5e8440981da2e54b42b37) Importer(815301076,1909f56bfc062723c751e8b465ee728b)  -> (artifact id: '77fd3b52da123dbfdfefd0b70468d255') in 0.122054 seconds 
  Import took 0.138094 seconds .

========================================================================
Received Prepare
Registering precompiled user dll's ...
Registered in 0.011121 seconds.
Begin MonoManager ReloadAssembly
Native extension for WindowsStandalone target not found
Native extension for WebGL target not found
Refreshing native plugins compatible for Editor in 0.72 ms, found 3 plugins.
Preloading 0 native plugins for Editor in 0.00 ms.
Mono: successfully reloaded assembly
- Completed reload, in  3.171 seconds
Platform modules already initialized, skipping
Refreshing native plugins compatible for Editor in 1.08 ms, found 3 plugins.
Preloading 0 native plugins for Editor in 0.00 ms.
Unloading 2083 Unused Serialized files (Serialized files now loaded: 0)
System memory in use before: 94.6 MB.
System memory in use after: 94.6 MB.

Unloading 19 unused Assets to reduce memory usage. Loaded Objects now: 2551.
Total: 6.348443 ms (FindLiveObjects: 0.634270 ms CreateObjectMapping: 0.271361 ms MarkObjects: 5.267516 ms  DeleteObjects: 0.172012 ms)

AssetImportParameters requested are different than current active one (requested -> active):
  custom:framework-win-MediaFoundation: 216162199b28c13a410421893ffa2e32 -> 
  custom:video-decoder-ogg-theora: a1e56fd34408186e4bbccfd4996cb3dc -> 
  custom:container-muxer-webm: aa71ff27fc2769a1b78a27578f13a17b -> 
  custom:container-demuxer-webm: 4f35f7cbe854078d1ac9338744f61a02 -> 
  custom:container-demuxer-ogg: 62fdf1f143b41e24485cea50d1cbac27 -> 
  custom:video-encoder-webm-vp8: eb34c28f22e8b96e1ab97ce403110664 -> 
  custom:video-decoder-webm-vp8: 9c59270c3fd7afecdb556c50c9e8de78 -> 
  custom:audio-decoder-ogg-vorbis: bf7c407c2cedff20999df2af8eb42d56 -> 
  custom:audio-encoder-webm-vorbis: bf7c407c2cedff20999df2af8eb42d56 -> 
========================================================================
Received Prepare
Registering precompiled user dll's ...
Registered in 0.007810 seconds.
Begin MonoManager ReloadAssembly
Native extension for WindowsStandalone target not found
Native extension for WebGL target not found
Refreshing native plugins compatible for Editor in 1.73 ms, found 3 plugins.
Preloading 0 native plugins for Editor in 0.00 ms.
Mono: successfully reloaded assembly
- Completed reload, in  3.007 seconds
Platform modules already initialized, skipping
Refreshing native plugins compatible for Editor in 1.18 ms, found 3 plugins.
Preloading 0 native plugins for Editor in 0.00 ms.
Unloading 2083 Unused Serialized files (Serialized files now loaded: 0)
System memory in use before: 94.6 MB.
System memory in use after: 94.6 MB.

Unloading 19 unused Assets to reduce memory usage. Loaded Objects now: 2555.
Total: 5.264232 ms (FindLiveObjects: 0.275055 ms CreateObjectMapping: 0.161338 ms MarkObjects: 4.686615 ms  DeleteObjects: 0.137938 ms)

AssetImportParameters requested are different than current active one (requested -> active):
  custom:framework-win-MediaFoundation: 216162199b28c13a410421893ffa2e32 -> 
  custom:video-decoder-ogg-theora: a1e56fd34408186e4bbccfd4996cb3dc -> 
  custom:container-muxer-webm: aa71ff27fc2769a1b78a27578f13a17b -> 
  custom:container-demuxer-webm: 4f35f7cbe854078d1ac9338744f61a02 -> 
  custom:container-demuxer-ogg: 62fdf1f143b41e24485cea50d1cbac27 -> 
  custom:video-encoder-webm-vp8: eb34c28f22e8b96e1ab97ce403110664 -> 
  custom:video-decoder-webm-vp8: 9c59270c3fd7afecdb556c50c9e8de78 -> 
  custom:audio-decoder-ogg-vorbis: bf7c407c2cedff20999df2af8eb42d56 -> 
  custom:audio-encoder-webm-vorbis: bf7c407c2cedff20999df2af8eb42d56 -> 
========================================================================
Received Prepare
Registering precompiled user dll's ...
Registered in 0.011790 seconds.
Begin MonoManager ReloadAssembly
Native extension for WindowsStandalone target not found
Native extension for WebGL target not found
Refreshing native plugins compatible for Editor in 1.63 ms, found 3 plugins.
Preloading 0 native plugins for Editor in 0.00 ms.
Mono: successfully reloaded assembly
- Completed reload, in  4.001 seconds
Platform modules already initialized, skipping
Refreshing native plugins compatible for Editor in 1.27 ms, found 3 plugins.
Preloading 0 native plugins for Editor in 0.00 ms.
Unloading 2083 Unused Serialized files (Serialized files now loaded: 0)
System memory in use before: 94.6 MB.
System memory in use after: 94.7 MB.

Unloading 19 unused Assets to reduce memory usage. Loaded Objects now: 2559.
Total: 4.379128 ms (FindLiveObjects: 0.283677 ms CreateObjectMapping: 0.146559 ms MarkObjects: 3.733774 ms  DeleteObjects: 0.211423 ms)

AssetImportParameters requested are different than current active one (requested -> active):
  custom:framework-win-MediaFoundation: 216162199b28c13a410421893ffa2e32 -> 
  custom:video-decoder-ogg-theora: a1e56fd34408186e4bbccfd4996cb3dc -> 
  custom:container-muxer-webm: aa71ff27fc2769a1b78a27578f13a17b -> 
  custom:container-demuxer-webm: 4f35f7cbe854078d1ac9338744f61a02 -> 
  custom:container-demuxer-ogg: 62fdf1f143b41e24485cea50d1cbac27 -> 
  custom:video-encoder-webm-vp8: eb34c28f22e8b96e1ab97ce403110664 -> 
  custom:video-decoder-webm-vp8: 9c59270c3fd7afecdb556c50c9e8de78 -> 
  custom:audio-decoder-ogg-vorbis: bf7c407c2cedff20999df2af8eb42d56 -> 
  custom:audio-encoder-webm-vorbis: bf7c407c2cedff20999df2af8eb42d56 -> 
========================================================================
Received Import Request.
  Time since last request: 461.168255 seconds.
  path: Assets/Animations
  artifactKey: Guid(5a353483519419a47844fea2b8c01d33) Importer(815301076,1909f56bfc062723c751e8b465ee728b)
Start importing Assets/Animations using Guid(5a353483519419a47844fea2b8c01d33) Importer(815301076,1909f56bfc062723c751e8b465ee728b)  -> (artifact id: '6a4970caa8f7cac4194153c07e24e9bd') in 0.021494 seconds 
  Import took 0.029556 seconds .

========================================================================
Received Import Request.
  Time since last request: 23.503792 seconds.
  path: Assets/Prefabs/bit_mat.prefab
  artifactKey: Guid(57cefcb5af6fced4c85c0265c8904396) Importer(815301076,1909f56bfc062723c751e8b465ee728b)
Start importing Assets/Prefabs/bit_mat.prefab using Guid(57cefcb5af6fced4c85c0265c8904396) Importer(815301076,1909f56bfc062723c751e8b465ee728b)  -> (artifact id: 'bfc6cf92d3c6933a541e3ec20b2b5250') in 0.731926 seconds 
  Import took 0.747740 seconds .

========================================================================
Received Prepare
Registering precompiled user dll's ...
Registered in 0.012065 seconds.
Begin MonoManager ReloadAssembly
Native extension for WindowsStandalone target not found
Native extension for WebGL target not found
Refreshing native plugins compatible for Editor in 0.97 ms, found 3 plugins.
Preloading 0 native plugins for Editor in 0.00 ms.
Mono: successfully reloaded assembly
- Completed reload, in  3.181 seconds
Platform modules already initialized, skipping
Refreshing native plugins compatible for Editor in 0.99 ms, found 3 plugins.
Preloading 0 native plugins for Editor in 0.00 ms.
Unloading 2083 Unused Serialized files (Serialized files now loaded: 0)
System memory in use before: 97.6 MB.
System memory in use after: 97.7 MB.

Unloading 19 unused Assets to reduce memory usage. Loaded Objects now: 2570.
Total: 81.580608 ms (FindLiveObjects: 72.706993 ms CreateObjectMapping: 0.352235 ms MarkObjects: 8.306673 ms  DeleteObjects: 0.210602 ms)

AssetImportParameters requested are different than current active one (requested -> active):
  custom:framework-win-MediaFoundation: 216162199b28c13a410421893ffa2e32 -> 
  custom:video-decoder-ogg-theora: a1e56fd34408186e4bbccfd4996cb3dc -> 
  custom:container-muxer-webm: aa71ff27fc2769a1b78a27578f13a17b -> 
  custom:container-demuxer-webm: 4f35f7cbe854078d1ac9338744f61a02 -> 
  custom:container-demuxer-ogg: 62fdf1f143b41e24485cea50d1cbac27 -> 
  custom:video-encoder-webm-vp8: eb34c28f22e8b96e1ab97ce403110664 -> 
  custom:video-decoder-webm-vp8: 9c59270c3fd7afecdb556c50c9e8de78 -> 
  custom:audio-decoder-ogg-vorbis: bf7c407c2cedff20999df2af8eb42d56 -> 
  custom:audio-encoder-webm-vorbis: bf7c407c2cedff20999df2af8eb42d56 -> 
========================================================================
Received Prepare
Registering precompiled user dll's ...
Registered in 0.010462 seconds.
Begin MonoManager ReloadAssembly
Native extension for WindowsStandalone target not found
Native extension for WebGL target not found
Refreshing native plugins compatible for Editor in 0.65 ms, found 3 plugins.
Preloading 0 native plugins for Editor in 0.00 ms.
Mono: successfully reloaded assembly
- Completed reload, in  2.843 seconds
Platform modules already initialized, skipping
Refreshing native plugins compatible for Editor in 0.98 ms, found 3 plugins.
Preloading 0 native plugins for Editor in 0.00 ms.
Unloading 2083 Unused Serialized files (Serialized files now loaded: 0)
System memory in use before: 97.6 MB.
System memory in use after: 97.7 MB.

Unloading 19 unused Assets to reduce memory usage. Loaded Objects now: 2574.
Total: 5.067177 ms (FindLiveObjects: 0.251245 ms CreateObjectMapping: 0.451583 ms MarkObjects: 4.198495 ms  DeleteObjects: 0.162981 ms)

AssetImportParameters requested are different than current active one (requested -> active):
  custom:framework-win-MediaFoundation: 216162199b28c13a410421893ffa2e32 -> 
  custom:video-decoder-ogg-theora: a1e56fd34408186e4bbccfd4996cb3dc -> 
  custom:container-muxer-webm: aa71ff27fc2769a1b78a27578f13a17b -> 
  custom:container-demuxer-webm: 4f35f7cbe854078d1ac9338744f61a02 -> 
  custom:container-demuxer-ogg: 62fdf1f143b41e24485cea50d1cbac27 -> 
  custom:video-encoder-webm-vp8: eb34c28f22e8b96e1ab97ce403110664 -> 
  custom:video-decoder-webm-vp8: 9c59270c3fd7afecdb556c50c9e8de78 -> 
  custom:audio-decoder-ogg-vorbis: bf7c407c2cedff20999df2af8eb42d56 -> 
  custom:audio-encoder-webm-vorbis: bf7c407c2cedff20999df2af8eb42d56 -> 
========================================================================
Received Prepare
Registering precompiled user dll's ...
Registered in 0.033186 seconds.
Begin MonoManager ReloadAssembly
Native extension for WindowsStandalone target not found
Native extension for WebGL target not found
Refreshing native plugins compatible for Editor in 4.33 ms, found 3 plugins.
Preloading 0 native plugins for Editor in 0.00 ms.
Mono: successfully reloaded assembly
- Completed reload, in  3.514 seconds
Platform modules already initialized, skipping
Refreshing native plugins compatible for Editor in 1.51 ms, found 3 plugins.
Preloading 0 native plugins for Editor in 0.00 ms.
Unloading 2083 Unused Serialized files (Serialized files now loaded: 0)
System memory in use before: 97.6 MB.
System memory in use after: 97.7 MB.

Unloading 19 unused Assets to reduce memory usage. Loaded Objects now: 2578.
Total: 7.813626 ms (FindLiveObjects: 0.385899 ms CreateObjectMapping: 0.193360 ms MarkObjects: 6.616930 ms  DeleteObjects: 0.610048 ms)

AssetImportParameters requested are different than current active one (requested -> active):
  custom:framework-win-MediaFoundation: 216162199b28c13a410421893ffa2e32 -> 
  custom:video-decoder-ogg-theora: a1e56fd34408186e4bbccfd4996cb3dc -> 
  custom:container-muxer-webm: aa71ff27fc2769a1b78a27578f13a17b -> 
  custom:container-demuxer-webm: 4f35f7cbe854078d1ac9338744f61a02 -> 
  custom:container-demuxer-ogg: 62fdf1f143b41e24485cea50d1cbac27 -> 
  custom:video-encoder-webm-vp8: eb34c28f22e8b96e1ab97ce403110664 -> 
  custom:video-decoder-webm-vp8: 9c59270c3fd7afecdb556c50c9e8de78 -> 
  custom:audio-decoder-ogg-vorbis: bf7c407c2cedff20999df2af8eb42d56 -> 
  custom:audio-encoder-webm-vorbis: bf7c407c2cedff20999df2af8eb42d56 -> 
========================================================================
Received Prepare
Registering precompiled user dll's ...
Registered in 0.032876 seconds.
Begin MonoManager ReloadAssembly
Native extension for WindowsStandalone target not found
Native extension for WebGL target not found
Refreshing native plugins compatible for Editor in 1.14 ms, found 3 plugins.
Preloading 0 native plugins for Editor in 0.00 ms.
Mono: successfully reloaded assembly
- Completed reload, in  5.423 seconds
Platform modules already initialized, skipping
Refreshing native plugins compatible for Editor in 0.98 ms, found 3 plugins.
Preloading 0 native plugins for Editor in 0.00 ms.
Unloading 2083 Unused Serialized files (Serialized files now loaded: 0)
System memory in use before: 97.7 MB.
System memory in use after: 97.7 MB.

Unloading 19 unused Assets to reduce memory usage. Loaded Objects now: 2582.
Total: 5.490023 ms (FindLiveObjects: 0.417509 ms CreateObjectMapping: 0.128085 ms MarkObjects: 4.671015 ms  DeleteObjects: 0.270950 ms)

AssetImportParameters requested are different than current active one (requested -> active):
  custom:framework-win-MediaFoundation: 216162199b28c13a410421893ffa2e32 -> 
  custom:video-decoder-ogg-theora: a1e56fd34408186e4bbccfd4996cb3dc -> 
  custom:container-muxer-webm: aa71ff27fc2769a1b78a27578f13a17b -> 
  custom:container-demuxer-webm: 4f35f7cbe854078d1ac9338744f61a02 -> 
  custom:container-demuxer-ogg: 62fdf1f143b41e24485cea50d1cbac27 -> 
  custom:video-encoder-webm-vp8: eb34c28f22e8b96e1ab97ce403110664 -> 
  custom:video-decoder-webm-vp8: 9c59270c3fd7afecdb556c50c9e8de78 -> 
  custom:audio-decoder-ogg-vorbis: bf7c407c2cedff20999df2af8eb42d56 -> 
  custom:audio-encoder-webm-vorbis: bf7c407c2cedff20999df2af8eb42d56 -> 
========================================================================
Received Prepare
Registering precompiled user dll's ...
Registered in 0.010303 seconds.
Begin MonoManager ReloadAssembly
Native extension for WindowsStandalone target not found
Native extension for WebGL target not found
Refreshing native plugins compatible for Editor in 1.70 ms, found 3 plugins.
Preloading 0 native plugins for Editor in 0.00 ms.
Mono: successfully reloaded assembly
- Completed reload, in  4.063 seconds
Platform modules already initialized, skipping
Refreshing native plugins compatible for Editor in 1.52 ms, found 3 plugins.
Preloading 0 native plugins for Editor in 0.00 ms.
Unloading 2083 Unused Serialized files (Serialized files now loaded: 0)
System memory in use before: 97.7 MB.
System memory in use after: 97.7 MB.

Unloading 19 unused Assets to reduce memory usage. Loaded Objects now: 2586.
Total: 5.233853 ms (FindLiveObjects: 0.347719 ms CreateObjectMapping: 0.181044 ms MarkObjects: 4.520351 ms  DeleteObjects: 0.181044 ms)

AssetImportParameters requested are different than current active one (requested -> active):
  custom:framework-win-MediaFoundation: 216162199b28c13a410421893ffa2e32 -> 
  custom:video-decoder-ogg-theora: a1e56fd34408186e4bbccfd4996cb3dc -> 
  custom:container-muxer-webm: aa71ff27fc2769a1b78a27578f13a17b -> 
  custom:container-demuxer-webm: 4f35f7cbe854078d1ac9338744f61a02 -> 
  custom:container-demuxer-ogg: 62fdf1f143b41e24485cea50d1cbac27 -> 
  custom:video-encoder-webm-vp8: eb34c28f22e8b96e1ab97ce403110664 -> 
  custom:video-decoder-webm-vp8: 9c59270c3fd7afecdb556c50c9e8de78 -> 
  custom:audio-decoder-ogg-vorbis: bf7c407c2cedff20999df2af8eb42d56 -> 
  custom:audio-encoder-webm-vorbis: bf7c407c2cedff20999df2af8eb42d56 -> 
========================================================================
Received Import Request.
  Time since last request: 5428.684094 seconds.
  path: Assets/kindpng_1429561.png
  artifactKey: Guid(2cd7de7afb60885499a594c3799d436c) Importer(815301076,1909f56bfc062723c751e8b465ee728b)
Start importing Assets/kindpng_1429561.png using Guid(2cd7de7afb60885499a594c3799d436c) Importer(815301076,1909f56bfc062723c751e8b465ee728b)  -> (artifact id: '7247100e8c23b7916b6631a9f7944062') in 0.412151 seconds 
  Import took 0.450035 seconds .

========================================================================
Received Import Request.
  Time since last request: 0.000370 seconds.
  path: Assets/kindpng_3998497.png
  artifactKey: Guid(d58eb374cc87da942a880eaf7a956aac) Importer(815301076,1909f56bfc062723c751e8b465ee728b)
Start importing Assets/kindpng_3998497.png using Guid(d58eb374cc87da942a880eaf7a956aac) Importer(815301076,1909f56bfc062723c751e8b465ee728b)  -> (artifact id: 'd33dad97979e390b273e2c3dcc0218e0') in 0.095055 seconds 
  Import took 0.106153 seconds .

========================================================================
Received Prepare
Registering precompiled user dll's ...
Registered in 0.013636 seconds.
Begin MonoManager ReloadAssembly
Native extension for WindowsStandalone target not found
Native extension for WebGL target not found
Refreshing native plugins compatible for Editor in 1.67 ms, found 3 plugins.
Preloading 0 native plugins for Editor in 0.00 ms.
Mono: successfully reloaded assembly
- Completed reload, in  4.313 seconds
Platform modules already initialized, skipping
Refreshing native plugins compatible for Editor in 1.68 ms, found 3 plugins.
Preloading 0 native plugins for Editor in 0.00 ms.
Unloading 2083 Unused Serialized files (Serialized files now loaded: 0)
System memory in use before: 97.7 MB.
System memory in use after: 97.7 MB.

Unloading 19 unused Assets to reduce memory usage. Loaded Objects now: 2593.
Total: 6.036850 ms (FindLiveObjects: 1.036179 ms CreateObjectMapping: 0.270129 ms MarkObjects: 4.531845 ms  DeleteObjects: 0.194591 ms)

AssetImportParameters requested are different than current active one (requested -> active):
  custom:framework-win-MediaFoundation: 216162199b28c13a410421893ffa2e32 -> 
  custom:video-decoder-ogg-theora: a1e56fd34408186e4bbccfd4996cb3dc -> 
  custom:container-muxer-webm: aa71ff27fc2769a1b78a27578f13a17b -> 
  custom:container-demuxer-webm: 4f35f7cbe854078d1ac9338744f61a02 -> 
  custom:container-demuxer-ogg: 62fdf1f143b41e24485cea50d1cbac27 -> 
  custom:video-encoder-webm-vp8: eb34c28f22e8b96e1ab97ce403110664 -> 
  custom:video-decoder-webm-vp8: 9c59270c3fd7afecdb556c50c9e8de78 -> 
  custom:audio-decoder-ogg-vorbis: bf7c407c2cedff20999df2af8eb42d56 -> 
  custom:audio-encoder-webm-vorbis: bf7c407c2cedff20999df2af8eb42d56 -> 
========================================================================
Received Import Request.
  Time since last request: 1413.636045 seconds.
  path: Assets/scaleAnim.anim
  artifactKey: Guid(61f709c9ebf5e8440981da2e54b42b37) Importer(815301076,1909f56bfc062723c751e8b465ee728b)
Start importing Assets/scaleAnim.anim using Guid(61f709c9ebf5e8440981da2e54b42b37) Importer(815301076,1909f56bfc062723c751e8b465ee728b)  -> (artifact id: '594a74114009fdf2d77b04fe4f37b2e7') in 0.090319 seconds 
  Import took 0.112014 seconds .

========================================================================
Received Import Request.
  Time since last request: 96.714507 seconds.
  path: Assets/rollinggears.anim
  artifactKey: Guid(f2ed97254943c164399d9df54a3b29ee) Importer(815301076,1909f56bfc062723c751e8b465ee728b)
Start importing Assets/rollinggears.anim using Guid(f2ed97254943c164399d9df54a3b29ee) Importer(815301076,1909f56bfc062723c751e8b465ee728b)  -> (artifact id: '825b2f00396255b3cd3871c6ca344f04') in 0.319066 seconds 
  Import took 0.337262 seconds .

========================================================================
Received Import Request.
  Time since last request: 0.017466 seconds.
  path: Assets/rollinggears.anim
  artifactKey: Guid(f2ed97254943c164399d9df54a3b29ee) Importer(815301076,1909f56bfc062723c751e8b465ee728b)
Start importing Assets/rollinggears.anim using Guid(f2ed97254943c164399d9df54a3b29ee) Importer(815301076,1909f56bfc062723c751e8b465ee728b)  -> (artifact id: '825b2f00396255b3cd3871c6ca344f04') in 0.015550 seconds 
  Import took 0.030009 seconds .

========================================================================
Received Prepare
Registering precompiled user dll's ...
Registered in 0.011366 seconds.
Begin MonoManager ReloadAssembly
Native extension for WindowsStandalone target not found
Native extension for WebGL target not found
Refreshing native plugins compatible for Editor in 1.27 ms, found 3 plugins.
Preloading 0 native plugins for Editor in 0.00 ms.
Mono: successfully reloaded assembly
- Completed reload, in  4.054 seconds
Platform modules already initialized, skipping
Refreshing native plugins compatible for Editor in 1.82 ms, found 3 plugins.
Preloading 0 native plugins for Editor in 0.00 ms.
Unloading 2083 Unused Serialized files (Serialized files now loaded: 0)
System memory in use before: 97.7 MB.
System memory in use after: 97.7 MB.

Unloading 19 unused Assets to reduce memory usage. Loaded Objects now: 2597.
Total: 5.522866 ms (FindLiveObjects: 0.557500 ms CreateObjectMapping: 0.206907 ms MarkObjects: 4.568383 ms  DeleteObjects: 0.187202 ms)

AssetImportParameters requested are different than current active one (requested -> active):
  custom:framework-win-MediaFoundation: 216162199b28c13a410421893ffa2e32 -> 
  custom:video-decoder-ogg-theora: a1e56fd34408186e4bbccfd4996cb3dc -> 
  custom:container-muxer-webm: aa71ff27fc2769a1b78a27578f13a17b -> 
  custom:container-demuxer-webm: 4f35f7cbe854078d1ac9338744f61a02 -> 
  custom:container-demuxer-ogg: 62fdf1f143b41e24485cea50d1cbac27 -> 
  custom:video-encoder-webm-vp8: eb34c28f22e8b96e1ab97ce403110664 -> 
  custom:video-decoder-webm-vp8: 9c59270c3fd7afecdb556c50c9e8de78 -> 
  custom:audio-decoder-ogg-vorbis: bf7c407c2cedff20999df2af8eb42d56 -> 
  custom:audio-encoder-webm-vorbis: bf7c407c2cedff20999df2af8eb42d56 -> 
========================================================================
Received Import Request.
  Time since last request: 263.987688 seconds.
  path: Assets/scaleAnim.anim
  artifactKey: Guid(61f709c9ebf5e8440981da2e54b42b37) Importer(815301076,1909f56bfc062723c751e8b465ee728b)
Start importing Assets/scaleAnim.anim using Guid(61f709c9ebf5e8440981da2e54b42b37) Importer(815301076,1909f56bfc062723c751e8b465ee728b)  -> (artifact id: '88370def8f4a26bae2017153bd666f5b') in 0.088617 seconds 
  Import took 0.116945 seconds .

========================================================================
Received Import Request.
  Time since last request: 17.805070 seconds.
  path: Assets/rollinggears.anim
  artifactKey: Guid(f2ed97254943c164399d9df54a3b29ee) Importer(815301076,1909f56bfc062723c751e8b465ee728b)
Start importing Assets/rollinggears.anim using Guid(f2ed97254943c164399d9df54a3b29ee) Importer(815301076,1909f56bfc062723c751e8b465ee728b)  -> (artifact id: '5ffc4ed3126d5604636cdc85904d634a') in 0.020953 seconds 
  Import took 0.033359 seconds .

========================================================================
Received Prepare
Registering precompiled user dll's ...
Registered in 0.011179 seconds.
Begin MonoManager ReloadAssembly
Native extension for WindowsStandalone target not found
Native extension for WebGL target not found
Refreshing native plugins compatible for Editor in 1.05 ms, found 3 plugins.
Preloading 0 native plugins for Editor in 0.00 ms.
Mono: successfully reloaded assembly
- Completed reload, in  3.718 seconds
Platform modules already initialized, skipping
Refreshing native plugins compatible for Editor in 1.68 ms, found 3 plugins.
Preloading 0 native plugins for Editor in 0.00 ms.
Unloading 2083 Unused Serialized files (Serialized files now loaded: 0)
System memory in use before: 97.7 MB.
System memory in use after: 97.8 MB.

Unloading 19 unused Assets to reduce memory usage. Loaded Objects now: 2601.
Total: 5.279011 ms (FindLiveObjects: 0.346488 ms CreateObjectMapping: 0.262329 ms MarkObjects: 4.484634 ms  DeleteObjects: 0.182686 ms)

AssetImportParameters requested are different than current active one (requested -> active):
  custom:framework-win-MediaFoundation: 216162199b28c13a410421893ffa2e32 -> 
  custom:video-decoder-ogg-theora: a1e56fd34408186e4bbccfd4996cb3dc -> 
  custom:container-muxer-webm: aa71ff27fc2769a1b78a27578f13a17b -> 
  custom:container-demuxer-webm: 4f35f7cbe854078d1ac9338744f61a02 -> 
  custom:container-demuxer-ogg: 62fdf1f143b41e24485cea50d1cbac27 -> 
  custom:video-encoder-webm-vp8: eb34c28f22e8b96e1ab97ce403110664 -> 
  custom:video-decoder-webm-vp8: 9c59270c3fd7afecdb556c50c9e8de78 -> 
  custom:audio-decoder-ogg-vorbis: bf7c407c2cedff20999df2af8eb42d56 -> 
  custom:audio-encoder-webm-vorbis: bf7c407c2cedff20999df2af8eb42d56 -> 
========================================================================
Received Import Request.
  Time since last request: 325.396596 seconds.
  path: Assets/scaleanim.anim
  artifactKey: Guid(61f709c9ebf5e8440981da2e54b42b37) Importer(815301076,1909f56bfc062723c751e8b465ee728b)
Start importing Assets/scaleanim.anim using Guid(61f709c9ebf5e8440981da2e54b42b37) Importer(815301076,1909f56bfc062723c751e8b465ee728b)  -> (artifact id: '990832aa125f6357c84d2598bc3b4c21') in 0.085391 seconds 
  Import took 0.104396 seconds .

========================================================================
Received Import Request.
  Time since last request: 5.412414 seconds.
  path: Assets/gears.controller
  artifactKey: Guid(a4c9a9f84c95c004babd0f21245df43b) Importer(815301076,1909f56bfc062723c751e8b465ee728b)
Start importing Assets/gears.controller using Guid(a4c9a9f84c95c004babd0f21245df43b) Importer(815301076,1909f56bfc062723c751e8b465ee728b)  -> (artifact id: 'bee4fcd2ed4475b86c6dd931d7566ca2') in 0.042205 seconds 
  Import took 0.054896 seconds .

========================================================================
Received Import Request.
  Time since last request: 16.000256 seconds.
  path: Assets/gear_1_rotation.anim
  artifactKey: Guid(bf84e755d0b3d2c4c94049cd34e0b0e1) Importer(815301076,1909f56bfc062723c751e8b465ee728b)
Start importing Assets/gear_1_rotation.anim using Guid(bf84e755d0b3d2c4c94049cd34e0b0e1) Importer(815301076,1909f56bfc062723c751e8b465ee728b)  -> (artifact id: '4c1b9a45429e9703a0ffa9fd971a34e7') in 0.045846 seconds 
  Import took 0.060921 seconds .

========================================================================
Received Import Request.
  Time since last request: 0.008197 seconds.
  path: Assets/gear_1_rotation.anim
  artifactKey: Guid(bf84e755d0b3d2c4c94049cd34e0b0e1) Importer(815301076,1909f56bfc062723c751e8b465ee728b)
Start importing Assets/gear_1_rotation.anim using Guid(bf84e755d0b3d2c4c94049cd34e0b0e1) Importer(815301076,1909f56bfc062723c751e8b465ee728b)  -> (artifact id: '4c1b9a45429e9703a0ffa9fd971a34e7') in 0.020557 seconds 
  Import took 0.039026 seconds .

========================================================================
Received Prepare
Registering precompiled user dll's ...
Registered in 0.008654 seconds.
Begin MonoManager ReloadAssembly
Native extension for WindowsStandalone target not found
Native extension for WebGL target not found
Refreshing native plugins compatible for Editor in 1.15 ms, found 3 plugins.
Preloading 0 native plugins for Editor in 0.00 ms.
Mono: successfully reloaded assembly
- Completed reload, in  2.913 seconds
Platform modules already initialized, skipping
Refreshing native plugins compatible for Editor in 0.95 ms, found 3 plugins.
Preloading 0 native plugins for Editor in 0.00 ms.
Unloading 2083 Unused Serialized files (Serialized files now loaded: 0)
System memory in use before: 97.7 MB.
System memory in use after: 97.8 MB.

Unloading 19 unused Assets to reduce memory usage. Loaded Objects now: 2605.
Total: 101.170710 ms (FindLiveObjects: 25.993966 ms CreateObjectMapping: 15.420755 ms MarkObjects: 59.494481 ms  DeleteObjects: 0.257403 ms)

AssetImportParameters requested are different than current active one (requested -> active):
  custom:framework-win-MediaFoundation: 216162199b28c13a410421893ffa2e32 -> 
  custom:video-decoder-ogg-theora: a1e56fd34408186e4bbccfd4996cb3dc -> 
  custom:container-muxer-webm: aa71ff27fc2769a1b78a27578f13a17b -> 
  custom:container-demuxer-webm: 4f35f7cbe854078d1ac9338744f61a02 -> 
  custom:container-demuxer-ogg: 62fdf1f143b41e24485cea50d1cbac27 -> 
  custom:video-encoder-webm-vp8: eb34c28f22e8b96e1ab97ce403110664 -> 
  custom:video-decoder-webm-vp8: 9c59270c3fd7afecdb556c50c9e8de78 -> 
  custom:audio-decoder-ogg-vorbis: bf7c407c2cedff20999df2af8eb42d56 -> 
  custom:audio-encoder-webm-vorbis: bf7c407c2cedff20999df2af8eb42d56 -> 
========================================================================
Received Prepare
Registering precompiled user dll's ...
Registered in 0.010460 seconds.
Begin MonoManager ReloadAssembly
Native extension for WindowsStandalone target not found
Native extension for WebGL target not found
Refreshing native plugins compatible for Editor in 2.48 ms, found 3 plugins.
Preloading 0 native plugins for Editor in 0.00 ms.
Mono: successfully reloaded assembly
- Completed reload, in  3.654 seconds
Platform modules already initialized, skipping
Refreshing native plugins compatible for Editor in 1.66 ms, found 3 plugins.
Preloading 0 native plugins for Editor in 0.00 ms.
Unloading 2083 Unused Serialized files (Serialized files now loaded: 0)
System memory in use before: 97.7 MB.
System memory in use after: 97.8 MB.

Unloading 19 unused Assets to reduce memory usage. Loaded Objects now: 2609.
Total: 6.439580 ms (FindLiveObjects: 0.471699 ms CreateObjectMapping: 0.182276 ms MarkObjects: 5.534771 ms  DeleteObjects: 0.248371 ms)

AssetImportParameters requested are different than current active one (requested -> active):
  custom:framework-win-MediaFoundation: 216162199b28c13a410421893ffa2e32 -> 
  custom:video-decoder-ogg-theora: a1e56fd34408186e4bbccfd4996cb3dc -> 
  custom:container-muxer-webm: aa71ff27fc2769a1b78a27578f13a17b -> 
  custom:container-demuxer-webm: 4f35f7cbe854078d1ac9338744f61a02 -> 
  custom:container-demuxer-ogg: 62fdf1f143b41e24485cea50d1cbac27 -> 
  custom:video-encoder-webm-vp8: eb34c28f22e8b96e1ab97ce403110664 -> 
  custom:video-decoder-webm-vp8: 9c59270c3fd7afecdb556c50c9e8de78 -> 
  custom:audio-decoder-ogg-vorbis: bf7c407c2cedff20999df2af8eb42d56 -> 
  custom:audio-encoder-webm-vorbis: bf7c407c2cedff20999df2af8eb42d56 -> 
========================================================================
Received Import Request.
  Time since last request: 402.617899 seconds.
  path: Assets/gear_1_rotation.anim
  artifactKey: Guid(bf84e755d0b3d2c4c94049cd34e0b0e1) Importer(815301076,1909f56bfc062723c751e8b465ee728b)
Start importing Assets/gear_1_rotation.anim using Guid(bf84e755d0b3d2c4c94049cd34e0b0e1) Importer(815301076,1909f56bfc062723c751e8b465ee728b)  -> (artifact id: '03ab3cd694debf45baacf84c9e928bec') in 0.070105 seconds 
  Import took 0.083105 seconds .

========================================================================
Received Import Request.
  Time since last request: 0.023028 seconds.
  path: Assets/gear_1_rotation.anim
  artifactKey: Guid(bf84e755d0b3d2c4c94049cd34e0b0e1) Importer(815301076,1909f56bfc062723c751e8b465ee728b)
Start importing Assets/gear_1_rotation.anim using Guid(bf84e755d0b3d2c4c94049cd34e0b0e1) Importer(815301076,1909f56bfc062723c751e8b465ee728b)  -> (artifact id: '03ab3cd694debf45baacf84c9e928bec') in 0.027546 seconds 
  Import took 0.037752 seconds .

========================================================================
Received Prepare
Registering precompiled user dll's ...
Registered in 0.011089 seconds.
Begin MonoManager ReloadAssembly
Native extension for WindowsStandalone target not found
Native extension for WebGL target not found
Refreshing native plugins compatible for Editor in 1.28 ms, found 3 plugins.
Preloading 0 native plugins for Editor in 0.00 ms.
Mono: successfully reloaded assembly
- Completed reload, in  3.413 seconds
Platform modules already initialized, skipping
Refreshing native plugins compatible for Editor in 0.99 ms, found 3 plugins.
Preloading 0 native plugins for Editor in 0.00 ms.
Unloading 2083 Unused Serialized files (Serialized files now loaded: 0)
System memory in use before: 97.7 MB.
System memory in use after: 97.8 MB.

Unloading 19 unused Assets to reduce memory usage. Loaded Objects now: 2613.
Total: 5.492076 ms (FindLiveObjects: 0.541490 ms CreateObjectMapping: 0.236876 ms MarkObjects: 4.528972 ms  DeleteObjects: 0.181865 ms)

AssetImportParameters requested are different than current active one (requested -> active):
  custom:framework-win-MediaFoundation: 216162199b28c13a410421893ffa2e32 -> 
  custom:video-decoder-ogg-theora: a1e56fd34408186e4bbccfd4996cb3dc -> 
  custom:container-muxer-webm: aa71ff27fc2769a1b78a27578f13a17b -> 
  custom:container-demuxer-webm: 4f35f7cbe854078d1ac9338744f61a02 -> 
  custom:container-demuxer-ogg: 62fdf1f143b41e24485cea50d1cbac27 -> 
  custom:video-encoder-webm-vp8: eb34c28f22e8b96e1ab97ce403110664 -> 
  custom:video-decoder-webm-vp8: 9c59270c3fd7afecdb556c50c9e8de78 -> 
  custom:audio-decoder-ogg-vorbis: bf7c407c2cedff20999df2af8eb42d56 -> 
  custom:audio-encoder-webm-vorbis: bf7c407c2cedff20999df2af8eb42d56 -> 
========================================================================
Received Prepare
Registering precompiled user dll's ...
Registered in 0.242088 seconds.
Begin MonoManager ReloadAssembly
Native extension for WindowsStandalone target not found
Native extension for WebGL target not found
Refreshing native plugins compatible for Editor in 0.74 ms, found 3 plugins.
Preloading 0 native plugins for Editor in 0.00 ms.
Mono: successfully reloaded assembly
- Completed reload, in  2.957 seconds
Platform modules already initialized, skipping
Refreshing native plugins compatible for Editor in 0.98 ms, found 3 plugins.
Preloading 0 native plugins for Editor in 0.00 ms.
Unloading 2083 Unused Serialized files (Serialized files now loaded: 0)
System memory in use before: 97.8 MB.
System memory in use after: 97.8 MB.

Unloading 19 unused Assets to reduce memory usage. Loaded Objects now: 2617.
Total: 4.900912 ms (FindLiveObjects: 0.417509 ms CreateObjectMapping: 0.132191 ms MarkObjects: 4.181663 ms  DeleteObjects: 0.166265 ms)

AssetImportParameters requested are different than current active one (requested -> active):
  custom:framework-win-MediaFoundation: 216162199b28c13a410421893ffa2e32 -> 
  custom:video-decoder-ogg-theora: a1e56fd34408186e4bbccfd4996cb3dc -> 
  custom:container-muxer-webm: aa71ff27fc2769a1b78a27578f13a17b -> 
  custom:container-demuxer-webm: 4f35f7cbe854078d1ac9338744f61a02 -> 
  custom:container-demuxer-ogg: 62fdf1f143b41e24485cea50d1cbac27 -> 
  custom:video-encoder-webm-vp8: eb34c28f22e8b96e1ab97ce403110664 -> 
  custom:video-decoder-webm-vp8: 9c59270c3fd7afecdb556c50c9e8de78 -> 
  custom:audio-decoder-ogg-vorbis: bf7c407c2cedff20999df2af8eb42d56 -> 
  custom:audio-encoder-webm-vorbis: bf7c407c2cedff20999df2af8eb42d56 -> 
========================================================================
Received Prepare
Registering precompiled user dll's ...
Registered in 0.008065 seconds.
Begin MonoManager ReloadAssembly
Native extension for WindowsStandalone target not found
Native extension for WebGL target not found
Refreshing native plugins compatible for Editor in 1.06 ms, found 3 plugins.
Preloading 0 native plugins for Editor in 0.00 ms.
Mono: successfully reloaded assembly
- Completed reload, in  3.923 seconds
Platform modules already initialized, skipping
Refreshing native plugins compatible for Editor in 1.61 ms, found 3 plugins.
Preloading 0 native plugins for Editor in 0.00 ms.
Unloading 2083 Unused Serialized files (Serialized files now loaded: 0)
System memory in use before: 97.7 MB.
System memory in use after: 97.8 MB.

Unloading 19 unused Assets to reduce memory usage. Loaded Objects now: 2621.
Total: 4.569204 ms (FindLiveObjects: 0.337045 ms CreateObjectMapping: 0.183918 ms MarkObjects: 3.822038 ms  DeleteObjects: 0.224150 ms)

AssetImportParameters requested are different than current active one (requested -> active):
  custom:framework-win-MediaFoundation: 216162199b28c13a410421893ffa2e32 -> 
  custom:video-decoder-ogg-theora: a1e56fd34408186e4bbccfd4996cb3dc -> 
  custom:container-muxer-webm: aa71ff27fc2769a1b78a27578f13a17b -> 
  custom:container-demuxer-webm: 4f35f7cbe854078d1ac9338744f61a02 -> 
  custom:container-demuxer-ogg: 62fdf1f143b41e24485cea50d1cbac27 -> 
  custom:video-encoder-webm-vp8: eb34c28f22e8b96e1ab97ce403110664 -> 
  custom:video-decoder-webm-vp8: 9c59270c3fd7afecdb556c50c9e8de78 -> 
  custom:audio-decoder-ogg-vorbis: bf7c407c2cedff20999df2af8eb42d56 -> 
  custom:audio-encoder-webm-vorbis: bf7c407c2cedff20999df2af8eb42d56 -> 
========================================================================
Received Import Request.
  Time since last request: 475.318391 seconds.
  path: Assets/gear_2_rotation.anim
  artifactKey: Guid(a3bf18ea0280a0c4abb81f1561149770) Importer(815301076,1909f56bfc062723c751e8b465ee728b)
Start importing Assets/gear_2_rotation.anim using Guid(a3bf18ea0280a0c4abb81f1561149770) Importer(815301076,1909f56bfc062723c751e8b465ee728b)  -> (artifact id: '88bba651239e12372e4b58486c188150') in 0.110420 seconds 
  Import took 0.129290 seconds .

========================================================================
Received Import Request.
  Time since last request: 48.464092 seconds.
  path: Assets/gears (2).controller
  artifactKey: Guid(3fbbaa231fc2aa845a9d64fe3e91b43a) Importer(815301076,1909f56bfc062723c751e8b465ee728b)
Start importing Assets/gears (2).controller using Guid(3fbbaa231fc2aa845a9d64fe3e91b43a) Importer(815301076,1909f56bfc062723c751e8b465ee728b)  -> (artifact id: 'd89bbe02480946ed9bdfe02aa7af8b47') in 0.043356 seconds 
  Import took 0.058835 seconds .

========================================================================
Received Prepare
Registering precompiled user dll's ...
Registered in 0.012800 seconds.
Begin MonoManager ReloadAssembly
Native extension for WindowsStandalone target not found
Native extension for WebGL target not found
Refreshing native plugins compatible for Editor in 1.05 ms, found 3 plugins.
Preloading 0 native plugins for Editor in 0.00 ms.
Mono: successfully reloaded assembly
- Completed reload, in  3.897 seconds
Platform modules already initialized, skipping
Refreshing native plugins compatible for Editor in 1.77 ms, found 3 plugins.
Preloading 0 native plugins for Editor in 0.00 ms.
Unloading 2083 Unused Serialized files (Serialized files now loaded: 0)
System memory in use before: 97.8 MB.
System memory in use after: 97.8 MB.

Unloading 19 unused Assets to reduce memory usage. Loaded Objects now: 2625.
Total: 6.488434 ms (FindLiveObjects: 0.384667 ms CreateObjectMapping: 0.208549 ms MarkObjects: 5.685025 ms  DeleteObjects: 0.206907 ms)

AssetImportParameters requested are different than current active one (requested -> active):
  custom:framework-win-MediaFoundation: 216162199b28c13a410421893ffa2e32 -> 
  custom:video-decoder-ogg-theora: a1e56fd34408186e4bbccfd4996cb3dc -> 
  custom:container-muxer-webm: aa71ff27fc2769a1b78a27578f13a17b -> 
  custom:container-demuxer-webm: 4f35f7cbe854078d1ac9338744f61a02 -> 
  custom:container-demuxer-ogg: 62fdf1f143b41e24485cea50d1cbac27 -> 
  custom:video-encoder-webm-vp8: eb34c28f22e8b96e1ab97ce403110664 -> 
  custom:video-decoder-webm-vp8: 9c59270c3fd7afecdb556c50c9e8de78 -> 
  custom:audio-decoder-ogg-vorbis: bf7c407c2cedff20999df2af8eb42d56 -> 
  custom:audio-encoder-webm-vorbis: bf7c407c2cedff20999df2af8eb42d56 -> 
========================================================================
Received Import Request.
  Time since last request: 34.006346 seconds.
  path: Assets/Animations/scaleanim.anim
  artifactKey: Guid(61f709c9ebf5e8440981da2e54b42b37) Importer(815301076,1909f56bfc062723c751e8b465ee728b)
Start importing Assets/Animations/scaleanim.anim using Guid(61f709c9ebf5e8440981da2e54b42b37) Importer(815301076,1909f56bfc062723c751e8b465ee728b)  -> (artifact id: 'a0b5b2da9ae2c962e3c1f90eb93d5c50') in 0.065902 seconds 
  Import took 0.079065 seconds .

========================================================================
Received Import Request.
  Time since last request: 176.936653 seconds.
  path: Assets/gear_2_animation.anim
  artifactKey: Guid(1afc9270917cf3f4ebcdb5fb68974b31) Importer(815301076,1909f56bfc062723c751e8b465ee728b)
Start importing Assets/gear_2_animation.anim using Guid(1afc9270917cf3f4ebcdb5fb68974b31) Importer(815301076,1909f56bfc062723c751e8b465ee728b)  -> (artifact id: '9e3f2ae6dbcf8555a0ac63e9af9f77f1') in 0.323176 seconds 
  Import took 0.383396 seconds .

========================================================================
Received Prepare
Registering precompiled user dll's ...
Registered in 0.007585 seconds.
Begin MonoManager ReloadAssembly
Native extension for WindowsStandalone target not found
Native extension for WebGL target not found
Refreshing native plugins compatible for Editor in 1.15 ms, found 3 plugins.
Preloading 0 native plugins for Editor in 0.00 ms.
Mono: successfully reloaded assembly
- Completed reload, in  3.464 seconds
Platform modules already initialized, skipping
Refreshing native plugins compatible for Editor in 1.53 ms, found 3 plugins.
Preloading 0 native plugins for Editor in 0.00 ms.
Unloading 2083 Unused Serialized files (Serialized files now loaded: 0)
System memory in use before: 97.8 MB.
System memory in use after: 97.8 MB.

Unloading 19 unused Assets to reduce memory usage. Loaded Objects now: 2629.
Total: 3.826965 ms (FindLiveObjects: 0.280803 ms CreateObjectMapping: 0.139580 ms MarkObjects: 3.261254 ms  DeleteObjects: 0.142454 ms)

AssetImportParameters requested are different than current active one (requested -> active):
  custom:framework-win-MediaFoundation: 216162199b28c13a410421893ffa2e32 -> 
  custom:video-decoder-ogg-theora: a1e56fd34408186e4bbccfd4996cb3dc -> 
  custom:container-muxer-webm: aa71ff27fc2769a1b78a27578f13a17b -> 
  custom:container-demuxer-webm: 4f35f7cbe854078d1ac9338744f61a02 -> 
  custom:container-demuxer-ogg: 62fdf1f143b41e24485cea50d1cbac27 -> 
  custom:video-encoder-webm-vp8: eb34c28f22e8b96e1ab97ce403110664 -> 
  custom:video-decoder-webm-vp8: 9c59270c3fd7afecdb556c50c9e8de78 -> 
  custom:audio-decoder-ogg-vorbis: bf7c407c2cedff20999df2af8eb42d56 -> 
  custom:audio-encoder-webm-vorbis: bf7c407c2cedff20999df2af8eb42d56 -> 
========================================================================
Received Import Request.
  Time since last request: 383.086282 seconds.
  path: Assets/Animations/gear_2_rotation.anim
  artifactKey: Guid(a3bf18ea0280a0c4abb81f1561149770) Importer(815301076,1909f56bfc062723c751e8b465ee728b)
Start importing Assets/Animations/gear_2_rotation.anim using Guid(a3bf18ea0280a0c4abb81f1561149770) Importer(815301076,1909f56bfc062723c751e8b465ee728b)  -> (artifact id: 'a2c0b70981fb053d343218c6a9b54527') in 0.072982 seconds 
  Import took 0.087630 seconds .

========================================================================
Received Import Request.
  Time since last request: 0.043462 seconds.
  path: Assets/Animations/gear_2_rotation.anim
  artifactKey: Guid(a3bf18ea0280a0c4abb81f1561149770) Importer(815301076,1909f56bfc062723c751e8b465ee728b)
Start importing Assets/Animations/gear_2_rotation.anim using Guid(a3bf18ea0280a0c4abb81f1561149770) Importer(815301076,1909f56bfc062723c751e8b465ee728b)  -> (artifact id: 'a2c0b70981fb053d343218c6a9b54527') in 0.031642 seconds 
  Import took 0.047322 seconds .

========================================================================
Received Prepare
Registering precompiled user dll's ...
Registered in 0.009820 seconds.
Begin MonoManager ReloadAssembly
Native extension for WindowsStandalone target not found
Native extension for WebGL target not found
Refreshing native plugins compatible for Editor in 1.22 ms, found 3 plugins.
Preloading 0 native plugins for Editor in 0.00 ms.
Mono: successfully reloaded assembly
- Completed reload, in  3.505 seconds
Platform modules already initialized, skipping
Refreshing native plugins compatible for Editor in 0.95 ms, found 3 plugins.
Preloading 0 native plugins for Editor in 0.00 ms.
Unloading 2083 Unused Serialized files (Serialized files now loaded: 0)
System memory in use before: 97.8 MB.
System memory in use after: 97.8 MB.

Unloading 19 unused Assets to reduce memory usage. Loaded Objects now: 2633.
Total: 5.060609 ms (FindLiveObjects: 0.456920 ms CreateObjectMapping: 0.144507 ms MarkObjects: 4.293327 ms  DeleteObjects: 0.163802 ms)

AssetImportParameters requested are different than current active one (requested -> active):
  custom:framework-win-MediaFoundation: 216162199b28c13a410421893ffa2e32 -> 
  custom:video-decoder-ogg-theora: a1e56fd34408186e4bbccfd4996cb3dc -> 
  custom:container-muxer-webm: aa71ff27fc2769a1b78a27578f13a17b -> 
  custom:container-demuxer-webm: 4f35f7cbe854078d1ac9338744f61a02 -> 
  custom:container-demuxer-ogg: 62fdf1f143b41e24485cea50d1cbac27 -> 
  custom:video-encoder-webm-vp8: eb34c28f22e8b96e1ab97ce403110664 -> 
  custom:video-decoder-webm-vp8: 9c59270c3fd7afecdb556c50c9e8de78 -> 
  custom:audio-decoder-ogg-vorbis: bf7c407c2cedff20999df2af8eb42d56 -> 
  custom:audio-encoder-webm-vorbis: bf7c407c2cedff20999df2af8eb42d56 -> 
========================================================================
Received Prepare
Registering precompiled user dll's ...
Registered in 0.010896 seconds.
Begin MonoManager ReloadAssembly
Native extension for WindowsStandalone target not found
Native extension for WebGL target not found
Refreshing native plugins compatible for Editor in 1.72 ms, found 3 plugins.
Preloading 0 native plugins for Editor in 0.00 ms.
Mono: successfully reloaded assembly
- Completed reload, in  3.741 seconds
Platform modules already initialized, skipping
Refreshing native plugins compatible for Editor in 1.55 ms, found 3 plugins.
Preloading 0 native plugins for Editor in 0.00 ms.
Unloading 2083 Unused Serialized files (Serialized files now loaded: 0)
System memory in use before: 97.8 MB.
System memory in use after: 97.8 MB.

Unloading 19 unused Assets to reduce memory usage. Loaded Objects now: 2637.
Total: 4.972755 ms (FindLiveObjects: 0.369888 ms CreateObjectMapping: 0.178581 ms MarkObjects: 4.237085 ms  DeleteObjects: 0.183918 ms)

AssetImportParameters requested are different than current active one (requested -> active):
  custom:framework-win-MediaFoundation: 216162199b28c13a410421893ffa2e32 -> 
  custom:video-decoder-ogg-theora: a1e56fd34408186e4bbccfd4996cb3dc -> 
  custom:container-muxer-webm: aa71ff27fc2769a1b78a27578f13a17b -> 
  custom:container-demuxer-webm: 4f35f7cbe854078d1ac9338744f61a02 -> 
  custom:container-demuxer-ogg: 62fdf1f143b41e24485cea50d1cbac27 -> 
  custom:video-encoder-webm-vp8: eb34c28f22e8b96e1ab97ce403110664 -> 
  custom:video-decoder-webm-vp8: 9c59270c3fd7afecdb556c50c9e8de78 -> 
  custom:audio-decoder-ogg-vorbis: bf7c407c2cedff20999df2af8eb42d56 -> 
  custom:audio-encoder-webm-vorbis: bf7c407c2cedff20999df2af8eb42d56 -> 
========================================================================
Received Prepare
Registering precompiled user dll's ...
Registered in 0.010370 seconds.
Begin MonoManager ReloadAssembly
Native extension for WindowsStandalone target not found
Native extension for WebGL target not found
Refreshing native plugins compatible for Editor in 1.92 ms, found 3 plugins.
Preloading 0 native plugins for Editor in 0.00 ms.
Mono: successfully reloaded assembly
- Completed reload, in  3.345 seconds
Platform modules already initialized, skipping
Refreshing native plugins compatible for Editor in 1.87 ms, found 3 plugins.
Preloading 0 native plugins for Editor in 0.00 ms.
Unloading 2083 Unused Serialized files (Serialized files now loaded: 0)
System memory in use before: 97.8 MB.
System memory in use after: 97.8 MB.

Unloading 19 unused Assets to reduce memory usage. Loaded Objects now: 2641.
Total: 6.265515 ms (FindLiveObjects: 0.362498 ms CreateObjectMapping: 0.180223 ms MarkObjects: 5.523687 ms  DeleteObjects: 0.196644 ms)

AssetImportParameters requested are different than current active one (requested -> active):
  custom:framework-win-MediaFoundation: 216162199b28c13a410421893ffa2e32 -> 
  custom:video-decoder-ogg-theora: a1e56fd34408186e4bbccfd4996cb3dc -> 
  custom:container-muxer-webm: aa71ff27fc2769a1b78a27578f13a17b -> 
  custom:container-demuxer-webm: 4f35f7cbe854078d1ac9338744f61a02 -> 
  custom:container-demuxer-ogg: 62fdf1f143b41e24485cea50d1cbac27 -> 
  custom:video-encoder-webm-vp8: eb34c28f22e8b96e1ab97ce403110664 -> 
  custom:video-decoder-webm-vp8: 9c59270c3fd7afecdb556c50c9e8de78 -> 
  custom:audio-decoder-ogg-vorbis: bf7c407c2cedff20999df2af8eb42d56 -> 
  custom:audio-encoder-webm-vorbis: bf7c407c2cedff20999df2af8eb42d56 -> 
========================================================================
Received Prepare
Registering precompiled user dll's ...
Registered in 0.013892 seconds.
Begin MonoManager ReloadAssembly
Native extension for WindowsStandalone target not found
Native extension for WebGL target not found
Refreshing native plugins compatible for Editor in 1.30 ms, found 3 plugins.
Preloading 0 native plugins for Editor in 0.00 ms.
Mono: successfully reloaded assembly
- Completed reload, in  3.574 seconds
Platform modules already initialized, skipping
Refreshing native plugins compatible for Editor in 1.27 ms, found 3 plugins.
Preloading 0 native plugins for Editor in 0.00 ms.
Unloading 2083 Unused Serialized files (Serialized files now loaded: 0)
System memory in use before: 97.8 MB.
System memory in use after: 97.9 MB.

Unloading 19 unused Assets to reduce memory usage. Loaded Objects now: 2645.
Total: 4.604509 ms (FindLiveObjects: 0.324730 ms CreateObjectMapping: 0.158875 ms MarkObjects: 3.953819 ms  DeleteObjects: 0.164212 ms)

AssetImportParameters requested are different than current active one (requested -> active):
  custom:framework-win-MediaFoundation: 216162199b28c13a410421893ffa2e32 -> 
  custom:video-decoder-ogg-theora: a1e56fd34408186e4bbccfd4996cb3dc -> 
  custom:container-muxer-webm: aa71ff27fc2769a1b78a27578f13a17b -> 
  custom:container-demuxer-webm: 4f35f7cbe854078d1ac9338744f61a02 -> 
  custom:container-demuxer-ogg: 62fdf1f143b41e24485cea50d1cbac27 -> 
  custom:video-encoder-webm-vp8: eb34c28f22e8b96e1ab97ce403110664 -> 
  custom:video-decoder-webm-vp8: 9c59270c3fd7afecdb556c50c9e8de78 -> 
  custom:audio-decoder-ogg-vorbis: bf7c407c2cedff20999df2af8eb42d56 -> 
  custom:audio-encoder-webm-vorbis: bf7c407c2cedff20999df2af8eb42d56 -> 
========================================================================
Received Prepare
Registering precompiled user dll's ...
Registered in 0.012862 seconds.
Begin MonoManager ReloadAssembly
Native extension for WindowsStandalone target not found
Native extension for WebGL target not found
Refreshing native plugins compatible for Editor in 1.42 ms, found 3 plugins.
Preloading 0 native plugins for Editor in 0.00 ms.
Mono: successfully reloaded assembly
- Completed reload, in  3.199 seconds
Platform modules already initialized, skipping
Refreshing native plugins compatible for Editor in 1.46 ms, found 3 plugins.
Preloading 0 native plugins for Editor in 0.00 ms.
Unloading 2083 Unused Serialized files (Serialized files now loaded: 0)
System memory in use before: 97.8 MB.
System memory in use after: 97.9 MB.

Unloading 19 unused Assets to reduce memory usage. Loaded Objects now: 2649.
Total: 5.051577 ms (FindLiveObjects: 0.441320 ms CreateObjectMapping: 0.146559 ms MarkObjects: 4.287990 ms  DeleteObjects: 0.172833 ms)

AssetImportParameters requested are different than current active one (requested -> active):
  custom:framework-win-MediaFoundation: 216162199b28c13a410421893ffa2e32 -> 
  custom:video-decoder-ogg-theora: a1e56fd34408186e4bbccfd4996cb3dc -> 
  custom:container-muxer-webm: aa71ff27fc2769a1b78a27578f13a17b -> 
  custom:container-demuxer-webm: 4f35f7cbe854078d1ac9338744f61a02 -> 
  custom:container-demuxer-ogg: 62fdf1f143b41e24485cea50d1cbac27 -> 
  custom:video-encoder-webm-vp8: eb34c28f22e8b96e1ab97ce403110664 -> 
  custom:video-decoder-webm-vp8: 9c59270c3fd7afecdb556c50c9e8de78 -> 
  custom:audio-decoder-ogg-vorbis: bf7c407c2cedff20999df2af8eb42d56 -> 
  custom:audio-encoder-webm-vorbis: bf7c407c2cedff20999df2af8eb42d56 -> 
========================================================================
Received Prepare
Registering precompiled user dll's ...
Registered in 0.014002 seconds.
Begin MonoManager ReloadAssembly
Native extension for WindowsStandalone target not found
Native extension for WebGL target not found
Refreshing native plugins compatible for Editor in 0.75 ms, found 3 plugins.
Preloading 0 native plugins for Editor in 0.00 ms.
Mono: successfully reloaded assembly
- Completed reload, in  3.338 seconds
Platform modules already initialized, skipping
Refreshing native plugins compatible for Editor in 0.99 ms, found 3 plugins.
Preloading 0 native plugins for Editor in 0.00 ms.
Unloading 2083 Unused Serialized files (Serialized files now loaded: 0)
System memory in use before: 97.8 MB.
System memory in use after: 97.9 MB.

Unloading 19 unused Assets to reduce memory usage. Loaded Objects now: 2653.
Total: 5.028587 ms (FindLiveObjects: 0.725407 ms CreateObjectMapping: 0.220044 ms MarkObjects: 3.950534 ms  DeleteObjects: 0.130138 ms)

AssetImportParameters requested are different than current active one (requested -> active):
  custom:framework-win-MediaFoundation: 216162199b28c13a410421893ffa2e32 -> 
  custom:video-decoder-ogg-theora: a1e56fd34408186e4bbccfd4996cb3dc -> 
  custom:container-muxer-webm: aa71ff27fc2769a1b78a27578f13a17b -> 
  custom:container-demuxer-webm: 4f35f7cbe854078d1ac9338744f61a02 -> 
  custom:container-demuxer-ogg: 62fdf1f143b41e24485cea50d1cbac27 -> 
  custom:video-encoder-webm-vp8: eb34c28f22e8b96e1ab97ce403110664 -> 
  custom:video-decoder-webm-vp8: 9c59270c3fd7afecdb556c50c9e8de78 -> 
  custom:audio-decoder-ogg-vorbis: bf7c407c2cedff20999df2af8eb42d56 -> 
  custom:audio-encoder-webm-vorbis: bf7c407c2cedff20999df2af8eb42d56 -> 
========================================================================
Received Prepare
Registering precompiled user dll's ...
Registered in 0.012320 seconds.
Begin MonoManager ReloadAssembly
Native extension for WindowsStandalone target not found
Native extension for WebGL target not found
Refreshing native plugins compatible for Editor in 1.30 ms, found 3 plugins.
Preloading 0 native plugins for Editor in 0.00 ms.
Mono: successfully reloaded assembly
- Completed reload, in  2.956 seconds
Platform modules already initialized, skipping
Refreshing native plugins compatible for Editor in 0.96 ms, found 3 plugins.
Preloading 0 native plugins for Editor in 0.00 ms.
Unloading 2083 Unused Serialized files (Serialized files now loaded: 0)
System memory in use before: 97.8 MB.
System memory in use after: 97.9 MB.

Unloading 19 unused Assets to reduce memory usage. Loaded Objects now: 2657.
Total: 5.541340 ms (FindLiveObjects: 0.435573 ms CreateObjectMapping: 0.151075 ms MarkObjects: 4.789659 ms  DeleteObjects: 0.162160 ms)

AssetImportParameters requested are different than current active one (requested -> active):
  custom:framework-win-MediaFoundation: 216162199b28c13a410421893ffa2e32 -> 
  custom:video-decoder-ogg-theora: a1e56fd34408186e4bbccfd4996cb3dc -> 
  custom:container-muxer-webm: aa71ff27fc2769a1b78a27578f13a17b -> 
  custom:container-demuxer-webm: 4f35f7cbe854078d1ac9338744f61a02 -> 
  custom:container-demuxer-ogg: 62fdf1f143b41e24485cea50d1cbac27 -> 
  custom:video-encoder-webm-vp8: eb34c28f22e8b96e1ab97ce403110664 -> 
  custom:video-decoder-webm-vp8: 9c59270c3fd7afecdb556c50c9e8de78 -> 
  custom:audio-decoder-ogg-vorbis: bf7c407c2cedff20999df2af8eb42d56 -> 
  custom:audio-encoder-webm-vorbis: bf7c407c2cedff20999df2af8eb42d56 -> 
========================================================================
Received Prepare
Registering precompiled user dll's ...
Registered in 0.015536 seconds.
Begin MonoManager ReloadAssembly
Native extension for WindowsStandalone target not found
Native extension for WebGL target not found
Refreshing native plugins compatible for Editor in 1.05 ms, found 3 plugins.
Preloading 0 native plugins for Editor in 0.00 ms.
Mono: successfully reloaded assembly
- Completed reload, in  3.615 seconds
Platform modules already initialized, skipping
Refreshing native plugins compatible for Editor in 2.10 ms, found 3 plugins.
Preloading 0 native plugins for Editor in 0.00 ms.
Unloading 2083 Unused Serialized files (Serialized files now loaded: 0)
System memory in use before: 97.9 MB.
System memory in use after: 97.9 MB.

Unloading 19 unused Assets to reduce memory usage. Loaded Objects now: 2661.
Total: 5.240832 ms (FindLiveObjects: 0.352646 ms CreateObjectMapping: 0.229487 ms MarkObjects: 4.484634 ms  DeleteObjects: 0.171191 ms)

AssetImportParameters requested are different than current active one (requested -> active):
  custom:framework-win-MediaFoundation: 216162199b28c13a410421893ffa2e32 -> 
  custom:video-decoder-ogg-theora: a1e56fd34408186e4bbccfd4996cb3dc -> 
  custom:container-muxer-webm: aa71ff27fc2769a1b78a27578f13a17b -> 
  custom:container-demuxer-webm: 4f35f7cbe854078d1ac9338744f61a02 -> 
  custom:container-demuxer-ogg: 62fdf1f143b41e24485cea50d1cbac27 -> 
  custom:video-encoder-webm-vp8: eb34c28f22e8b96e1ab97ce403110664 -> 
  custom:video-decoder-webm-vp8: 9c59270c3fd7afecdb556c50c9e8de78 -> 
  custom:audio-decoder-ogg-vorbis: bf7c407c2cedff20999df2af8eb42d56 -> 
  custom:audio-encoder-webm-vorbis: bf7c407c2cedff20999df2af8eb42d56 -> 
========================================================================
Received Prepare
Registering precompiled user dll's ...
Registered in 0.010235 seconds.
Begin MonoManager ReloadAssembly
Native extension for WindowsStandalone target not found
Native extension for WebGL target not found
Refreshing native plugins compatible for Editor in 1.20 ms, found 3 plugins.
Preloading 0 native plugins for Editor in 0.00 ms.
Mono: successfully reloaded assembly
- Completed reload, in  2.822 seconds
Platform modules already initialized, skipping
Refreshing native plugins compatible for Editor in 1.16 ms, found 3 plugins.
Preloading 0 native plugins for Editor in 0.00 ms.
Unloading 2083 Unused Serialized files (Serialized files now loaded: 0)
System memory in use before: 97.9 MB.
System memory in use after: 97.9 MB.

Unloading 19 unused Assets to reduce memory usage. Loaded Objects now: 2665.
Total: 3.706679 ms (FindLiveObjects: 0.285319 ms CreateObjectMapping: 0.134654 ms MarkObjects: 3.139326 ms  DeleteObjects: 0.145328 ms)

AssetImportParameters requested are different than current active one (requested -> active):
  custom:framework-win-MediaFoundation: 216162199b28c13a410421893ffa2e32 -> 
  custom:video-decoder-ogg-theora: a1e56fd34408186e4bbccfd4996cb3dc -> 
  custom:container-muxer-webm: aa71ff27fc2769a1b78a27578f13a17b -> 
  custom:container-demuxer-webm: 4f35f7cbe854078d1ac9338744f61a02 -> 
  custom:container-demuxer-ogg: 62fdf1f143b41e24485cea50d1cbac27 -> 
  custom:video-encoder-webm-vp8: eb34c28f22e8b96e1ab97ce403110664 -> 
  custom:video-decoder-webm-vp8: 9c59270c3fd7afecdb556c50c9e8de78 -> 
  custom:audio-decoder-ogg-vorbis: bf7c407c2cedff20999df2af8eb42d56 -> 
  custom:audio-encoder-webm-vorbis: bf7c407c2cedff20999df2af8eb42d56 -> 
========================================================================
Received Prepare
Registering precompiled user dll's ...
Registered in 0.009893 seconds.
Begin MonoManager ReloadAssembly
Native extension for WindowsStandalone target not found
Native extension for WebGL target not found
Refreshing native plugins compatible for Editor in 1.51 ms, found 3 plugins.
Preloading 0 native plugins for Editor in 0.00 ms.
Mono: successfully reloaded assembly
- Completed reload, in  3.209 seconds
Platform modules already initialized, skipping
Refreshing native plugins compatible for Editor in 1.33 ms, found 3 plugins.
Preloading 0 native plugins for Editor in 0.00 ms.
Unloading 2083 Unused Serialized files (Serialized files now loaded: 0)
System memory in use before: 97.9 MB.
System memory in use after: 97.9 MB.

Unloading 19 unused Assets to reduce memory usage. Loaded Objects now: 2669.
Total: 5.421875 ms (FindLiveObjects: 0.317340 ms CreateObjectMapping: 0.165033 ms MarkObjects: 4.774058 ms  DeleteObjects: 0.162570 ms)

AssetImportParameters requested are different than current active one (requested -> active):
  custom:framework-win-MediaFoundation: 216162199b28c13a410421893ffa2e32 -> 
  custom:video-decoder-ogg-theora: a1e56fd34408186e4bbccfd4996cb3dc -> 
  custom:container-muxer-webm: aa71ff27fc2769a1b78a27578f13a17b -> 
  custom:container-demuxer-webm: 4f35f7cbe854078d1ac9338744f61a02 -> 
  custom:container-demuxer-ogg: 62fdf1f143b41e24485cea50d1cbac27 -> 
  custom:video-encoder-webm-vp8: eb34c28f22e8b96e1ab97ce403110664 -> 
  custom:video-decoder-webm-vp8: 9c59270c3fd7afecdb556c50c9e8de78 -> 
  custom:audio-decoder-ogg-vorbis: bf7c407c2cedff20999df2af8eb42d56 -> 
  custom:audio-encoder-webm-vorbis: bf7c407c2cedff20999df2af8eb42d56 -> 
========================================================================
Received Prepare
Registering precompiled user dll's ...
Registered in 0.012025 seconds.
Begin MonoManager ReloadAssembly
Native extension for WindowsStandalone target not found
Native extension for WebGL target not found
Refreshing native plugins compatible for Editor in 0.77 ms, found 3 plugins.
Preloading 0 native plugins for Editor in 0.00 ms.
Mono: successfully reloaded assembly
- Completed reload, in  3.377 seconds
Platform modules already initialized, skipping
Refreshing native plugins compatible for Editor in 0.99 ms, found 3 plugins.
Preloading 0 native plugins for Editor in 0.00 ms.
Unloading 2083 Unused Serialized files (Serialized files now loaded: 0)
System memory in use before: 97.9 MB.
System memory in use after: 97.9 MB.

Unloading 19 unused Assets to reduce memory usage. Loaded Objects now: 2673.
Total: 3.265770 ms (FindLiveObjects: 0.260687 ms CreateObjectMapping: 0.110433 ms MarkObjects: 2.764512 ms  DeleteObjects: 0.128496 ms)

AssetImportParameters requested are different than current active one (requested -> active):
  custom:framework-win-MediaFoundation: 216162199b28c13a410421893ffa2e32 -> 
  custom:video-decoder-ogg-theora: a1e56fd34408186e4bbccfd4996cb3dc -> 
  custom:container-muxer-webm: aa71ff27fc2769a1b78a27578f13a17b -> 
  custom:container-demuxer-webm: 4f35f7cbe854078d1ac9338744f61a02 -> 
  custom:container-demuxer-ogg: 62fdf1f143b41e24485cea50d1cbac27 -> 
  custom:video-encoder-webm-vp8: eb34c28f22e8b96e1ab97ce403110664 -> 
  custom:video-decoder-webm-vp8: 9c59270c3fd7afecdb556c50c9e8de78 -> 
  custom:audio-decoder-ogg-vorbis: bf7c407c2cedff20999df2af8eb42d56 -> 
  custom:audio-encoder-webm-vorbis: bf7c407c2cedff20999df2af8eb42d56 -> 
========================================================================
Received Prepare
Registering precompiled user dll's ...
Registered in 0.009266 seconds.
Begin MonoManager ReloadAssembly
Native extension for WindowsStandalone target not found
Native extension for WebGL target not found
Refreshing native plugins compatible for Editor in 2.53 ms, found 3 plugins.
Preloading 0 native plugins for Editor in 0.00 ms.
Mono: successfully reloaded assembly
- Completed reload, in  2.689 seconds
Platform modules already initialized, skipping
Refreshing native plugins compatible for Editor in 1.45 ms, found 3 plugins.
Preloading 0 native plugins for Editor in 0.00 ms.
Unloading 2083 Unused Serialized files (Serialized files now loaded: 0)
System memory in use before: 97.9 MB.
System memory in use after: 97.9 MB.

Unloading 19 unused Assets to reduce memory usage. Loaded Objects now: 2677.
Total: 7.117366 ms (FindLiveObjects: 0.668754 ms CreateObjectMapping: 0.266845 ms MarkObjects: 5.946944 ms  DeleteObjects: 0.231129 ms)

AssetImportParameters requested are different than current active one (requested -> active):
  custom:framework-win-MediaFoundation: 216162199b28c13a410421893ffa2e32 -> 
  custom:video-decoder-ogg-theora: a1e56fd34408186e4bbccfd4996cb3dc -> 
  custom:container-muxer-webm: aa71ff27fc2769a1b78a27578f13a17b -> 
  custom:container-demuxer-webm: 4f35f7cbe854078d1ac9338744f61a02 -> 
  custom:container-demuxer-ogg: 62fdf1f143b41e24485cea50d1cbac27 -> 
  custom:video-encoder-webm-vp8: eb34c28f22e8b96e1ab97ce403110664 -> 
  custom:video-decoder-webm-vp8: 9c59270c3fd7afecdb556c50c9e8de78 -> 
  custom:audio-decoder-ogg-vorbis: bf7c407c2cedff20999df2af8eb42d56 -> 
  custom:audio-encoder-webm-vorbis: bf7c407c2cedff20999df2af8eb42d56 -> 
========================================================================
Received Prepare
Registering precompiled user dll's ...
Registered in 0.007608 seconds.
Begin MonoManager ReloadAssembly
Native extension for WindowsStandalone target not found
Native extension for WebGL target not found
Refreshing native plugins compatible for Editor in 1.02 ms, found 3 plugins.
Preloading 0 native plugins for Editor in 0.00 ms.
log4net:ERROR Exception while reading ConfigurationSettings. Check your .config file is well formed XML.
System.Reflection.TargetInvocationException: Exception has been thrown by the target of an invocation. ---> System.TypeInitializationException: The type initializer for 'System.Configuration.AppSettingsSection' threw an exception. ---> System.TypeInitializationException: The type initializer for 'System.ComponentModel.TypeDescriptor' threw an exception. ---> System.NullReferenceException: Object reference not set to an instance of an object
  at System.Guid.NewGuid () [0x00029] in <695d1cc93cca45069c528c15c9fdd749>:0 
  at System.ComponentModel.TypeDescriptor..cctor () [0x00034] in <aa976c2104104b7ca9e1785715722c9d>:0 
   --- End of inner exception stack trace ---
  at System.Configuration.ConfigurationProperty..ctor (System.String name, System.Type type, System.Object defaultValue, System.Configuration.ConfigurationPropertyOptions options) [0x00000] in <69ae0fc844ec4885bfe71bd6af3dae67>:0 
  at System.Diagnostics.AssertSection..cctor () [0x00000] in <aa976c2104104b7ca9e1785715722c9d>:0 
   --- End of inner exception stack trace ---
  at (wrapper managed-to-native) System.Reflection.MonoCMethod.InternalInvoke(System.Reflection.MonoCMethod,object,object[],System.Exception&)
  at System.Reflection.MonoCMethod.InternalInvoke (System.Object obj, System.Object[] parameters) [0x00002] in <695d1cc93cca45069c528c15c9fdd749>:0 
   --- End of inner exception stack trace ---
  at System.Reflection.MonoCMethod.InternalInvoke (System.Object obj, System.Object[] parameters) [0x00014] in <695d1cc93cca45069c528c15c9fdd749>:0 
  at System.RuntimeType.CreateInstanceMono (System.Boolean nonPublic) [0x000a8] in <695d1cc93cca45069c528c15c9fdd749>:0 
  at System.RuntimeType.CreateInstanceSlow (System.Boolean publicOnly, System.Boolean skipCheckThis, System.Boolean fillCache, System.Threading.StackCrawlMark& stackMark) [0x00009] in <695d1cc93cca45069c528c15c9fdd749>:0 
  at System.RuntimeType.CreateInstanceDefaultCtor (System.Boolean publicOnly, System.Boolean skipCheckThis, System.Boolean fillCache, System.Threading.StackCrawlMark& stackMark) [0x00027] in <695d1cc93cca45069c528c15c9fdd749>:0 
  at System.Activator.CreateInstance (System.Type type, System.Boolean nonPublic) [0x00020] in <695d1cc93cca45069c528c15c9fdd749>:0 
  at System.Configuration.ConfigInfo.CreateInstance () [0x00026] in <69ae0fc844ec4885bfe71bd6af3dae67>:0 
  at System.Configuration.SectionInfo.CreateInstance () [0x00000] in <69ae0fc844ec4885bfe71bd6af3dae67>:0 
  at System.Configuration.Configuration.GetSectionInstance (System.Configuration.SectionInfo config, System.Boolean createDefaultInstance) [0x0001c] in <69ae0fc844ec4885bfe71bd6af3dae67>:0 
  at System.Configuration.ConfigurationSectionCollection.get_Item (System.String name) [0x0002c] in <69ae0fc844ec4885bfe71bd6af3dae67>:0 
  at System.Configuration.Configuration.GetSection (System.String sectionName) [0x0001e] in <69ae0fc844ec4885bfe71bd6af3dae67>:0 
  at System.Configuration.ClientConfigurationSystem.System.Configuration.Internal.IInternalConfigSystem.GetSection (System.String configKey) [0x00006] in <69ae0fc844ec4885bfe71bd6af3dae67>:0 
  at System.Configuration.ConfigurationManager.GetSection (System.String sectionName) [0x00005] in <69ae0fc844ec4885bfe71bd6af3dae67>:0 
  at System.Configuration.ConfigurationManager.get_AppSettings () [0x00000] in <69ae0fc844ec4885bfe71bd6af3dae67>:0 
  at log4net.Util.SystemInfo.GetAppSetting (System.String key) [0x00002] in <e1a77b5dfa0c4a1f8ba616c017f5e0b8>:0 
log4net:ERROR Exception while reading ConfigurationSettings. Check your .config file is well formed XML.
System.Reflection.TargetInvocationException: Exception has been thrown by the target of an invocation. ---> System.TypeInitializationException: The type initializer for 'System.Configuration.AppSettingsSection' threw an exception. ---> System.TypeInitializationException: The type initializer for 'System.ComponentModel.TypeDescriptor' threw an exception. ---> System.NullReferenceException: Object reference not set to an instance of an object
  at System.Guid.NewGuid () [0x00029] in <695d1cc93cca45069c528c15c9fdd749>:0 
  at System.ComponentModel.TypeDescriptor..cctor () [0x00034] in <aa976c2104104b7ca9e1785715722c9d>:0 
   --- End of inner exception stack trace ---
  at System.Configuration.ConfigurationProperty..ctor (System.String name, System.Type type, System.Object defaultValue, System.Configuration.ConfigurationPropertyOptions options) [0x00000] in <69ae0fc844ec4885bfe71bd6af3dae67>:0 
  at System.Diagnostics.AssertSection..cctor () [0x00000] in <aa976c2104104b7ca9e1785715722c9d>:0 
   --- End of inner exception stack trace ---
  at (wrapper managed-to-native) System.Reflection.MonoCMethod.InternalInvoke(System.Reflection.MonoCMethod,object,object[],System.Exception&)
  at System.Reflection.MonoCMethod.InternalInvoke (System.Object obj, System.Object[] parameters) [0x00002] in <695d1cc93cca45069c528c15c9fdd749>:0 
   --- End of inner exception stack trace ---
  at System.Reflection.MonoCMethod.InternalInvoke (System.Object obj, System.Object[] parameters) [0x00014] in <695d1cc93cca45069c528c15c9fdd749>:0 
  at System.RuntimeType.CreateInstanceMono (System.Boolean nonPublic) [0x000a8] in <695d1cc93cca45069c528c15c9fdd749>:0 
  at System.RuntimeType.CreateInstanceSlow (System.Boolean publicOnly, System.Boolean skipCheckThis, System.Boolean fillCache, System.Threading.StackCrawlMark& stackMark) [0x00009] in <695d1cc93cca45069c528c15c9fdd749>:0 
  at System.RuntimeType.CreateInstanceDefaultCtor (System.Boolean publicOnly, System.Boolean skipCheckThis, System.Boolean fillCache, System.Threading.StackCrawlMark& stackMark) [0x00027] in <695d1cc93cca45069c528c15c9fdd749>:0 
  at System.Activator.CreateInstance (System.Type type, System.Boolean nonPublic) [0x00020] in <695d1cc93cca45069c528c15c9fdd749>:0 
  at System.Configuration.ConfigInfo.CreateInstance () [0x00026] in <69ae0fc844ec4885bfe71bd6af3dae67>:0 
  at System.Configuration.SectionInfo.CreateInstance () [0x00000] in <69ae0fc844ec4885bfe71bd6af3dae67>:0 
  at System.Configuration.Configuration.GetSectionInstance (System.Configuration.SectionInfo config, System.Boolean createDefaultInstance) [0x0001c] in <69ae0fc844ec4885bfe71bd6af3dae67>:0 
  at System.Configuration.ConfigurationSectionCollection.get_Item (System.String name) [0x0002c] in <69ae0fc844ec4885bfe71bd6af3dae67>:0 
  at System.Configuration.Configuration.GetSection (System.String sectionName) [0x0001e] in <69ae0fc844ec4885bfe71bd6af3dae67>:0 
  at System.Configuration.ClientConfigurationSystem.System.Configuration.Internal.IInternalConfigSystem.GetSection (System.String configKey) [0x00006] in <69ae0fc844ec4885bfe71bd6af3dae67>:0 
  at System.Configuration.ConfigurationManager.GetSection (System.String sectionName) [0x00005] in <69ae0fc844ec4885bfe71bd6af3dae67>:0 
  at System.Configuration.ConfigurationManager.get_AppSettings () [0x00000] in <69ae0fc844ec4885bfe71bd6af3dae67>:0 
  at log4net.Util.SystemInfo.GetAppSetting (System.String key) [0x00002] in <e1a77b5dfa0c4a1f8ba616c017f5e0b8>:0 
log4net:ERROR Exception while reading ConfigurationSettings. Check your .config file is well formed XML.
System.Reflection.TargetInvocationException: Exception has been thrown by the target of an invocation. ---> System.TypeInitializationException: The type initializer for 'System.Configuration.AppSettingsSection' threw an exception. ---> System.TypeInitializationException: The type initializer for 'System.ComponentModel.TypeDescriptor' threw an exception. ---> System.NullReferenceException: Object reference not set to an instance of an object
  at System.Guid.NewGuid () [0x00029] in <695d1cc93cca45069c528c15c9fdd749>:0 
  at System.ComponentModel.TypeDescriptor..cctor () [0x00034] in <aa976c2104104b7ca9e1785715722c9d>:0 
   --- End of inner exception stack trace ---
  at System.Configuration.ConfigurationProperty..ctor (System.String name, System.Type type, System.Object defaultValue, System.Configuration.ConfigurationPropertyOptions options) [0x00000] in <69ae0fc844ec4885bfe71bd6af3dae67>:0 
  at System.Diagnostics.AssertSection..cctor () [0x00000] in <aa976c2104104b7ca9e1785715722c9d>:0 
   --- End of inner exception stack trace ---
  at (wrapper managed-to-native) System.Reflection.MonoCMethod.InternalInvoke(System.Reflection.MonoCMethod,object,object[],System.Exception&)
  at System.Reflection.MonoCMethod.InternalInvoke (System.Object obj, System.Object[] parameters) [0x00002] in <695d1cc93cca45069c528c15c9fdd749>:0 
   --- End of inner exception stack trace ---
  at System.Reflection.MonoCMethod.InternalInvoke (System.Object obj, System.Object[] parameters) [0x00014] in <695d1cc93cca45069c528c15c9fdd749>:0 
  at System.RuntimeType.CreateInstanceMono (System.Boolean nonPublic) [0x000a8] in <695d1cc93cca45069c528c15c9fdd749>:0 
  at System.RuntimeType.CreateInstanceSlow (System.Boolean publicOnly, System.Boolean skipCheckThis, System.Boolean fillCache, System.Threading.StackCrawlMark& stackMark) [0x00009] in <695d1cc93cca45069c528c15c9fdd749>:0 
  at System.RuntimeType.CreateInstanceDefaultCtor (System.Boolean publicOnly, System.Boolean skipCheckThis, System.Boolean fillCache, System.Threading.StackCrawlMark& stackMark) [0x00027] in <695d1cc93cca45069c528c15c9fdd749>:0 
  at System.Activator.CreateInstance (System.Type type, System.Boolean nonPublic) [0x00020] in <695d1cc93cca45069c528c15c9fdd749>:0 
  at System.Configuration.ConfigInfo.CreateInstance () [0x00026] in <69ae0fc844ec4885bfe71bd6af3dae67>:0 
  at System.Configuration.SectionInfo.CreateInstance () [0x00000] in <69ae0fc844ec4885bfe71bd6af3dae67>:0 
  at System.Configuration.Configuration.GetSectionInstance (System.Configuration.SectionInfo config, System.Boolean createDefaultInstance) [0x0001c] in <69ae0fc844ec4885bfe71bd6af3dae67>:0 
  at System.Configuration.ConfigurationSectionCollection.get_Item (System.String name) [0x0002c] in <69ae0fc844ec4885bfe71bd6af3dae67>:0 
  at System.Configuration.Configuration.GetSection (System.String sectionName) [0x0001e] in <69ae0fc844ec4885bfe71bd6af3dae67>:0 
  at System.Configuration.ClientConfigurationSystem.System.Configuration.Internal.IInternalConfigSystem.GetSection (System.String configKey) [0x00006] in <69ae0fc844ec4885bfe71bd6af3dae67>:0 
  at System.Configuration.ConfigurationManager.GetSection (System.String sectionName) [0x00005] in <69ae0fc844ec4885bfe71bd6af3dae67>:0 
  at System.Configuration.ConfigurationManager.get_AppSettings () [0x00000] in <69ae0fc844ec4885bfe71bd6af3dae67>:0 
  at log4net.Util.SystemInfo.GetAppSetting (System.String key) [0x00002] in <e1a77b5dfa0c4a1f8ba616c017f5e0b8>:0 
log4net:ERROR Exception while reading ConfigurationSettings. Check your .config file is well formed XML.
System.Reflection.TargetInvocationException: Exception has been thrown by the target of an invocation. ---> System.TypeInitializationException: The type initializer for 'System.Configuration.AppSettingsSection' threw an exception. ---> System.TypeInitializationException: The type initializer for 'System.ComponentModel.TypeDescriptor' threw an exception. ---> System.NullReferenceException: Object reference not set to an instance of an object
  at System.Guid.NewGuid () [0x00029] in <695d1cc93cca45069c528c15c9fdd749>:0 
  at System.ComponentModel.TypeDescriptor..cctor () [0x00034] in <aa976c2104104b7ca9e1785715722c9d>:0 
   --- End of inner exception stack trace ---
  at System.Configuration.ConfigurationProperty..ctor (System.String name, System.Type type, System.Object defaultValue, System.Configuration.ConfigurationPropertyOptions options) [0x00000] in <69ae0fc844ec4885bfe71bd6af3dae67>:0 
  at System.Diagnostics.AssertSection..cctor () [0x00000] in <aa976c2104104b7ca9e1785715722c9d>:0 
   --- End of inner exception stack trace ---
  at (wrapper managed-to-native) System.Reflection.MonoCMethod.InternalInvoke(System.Reflection.MonoCMethod,object,object[],System.Exception&)
  at System.Reflection.MonoCMethod.InternalInvoke (System.Object obj, System.Object[] parameters) [0x00002] in <695d1cc93cca45069c528c15c9fdd749>:0 
   --- End of inner exception stack trace ---
  at System.Reflection.MonoCMethod.InternalInvoke (System.Object obj, System.Object[] parameters) [0x00014] in <695d1cc93cca45069c528c15c9fdd749>:0 
  at System.RuntimeType.CreateInstanceMono (System.Boolean nonPublic) [0x000a8] in <695d1cc93cca45069c528c15c9fdd749>:0 
  at System.RuntimeType.CreateInstanceSlow (System.Boolean publicOnly, System.Boolean skipCheckThis, System.Boolean fillCache, System.Threading.StackCrawlMark& stackMark) [0x00009] in <695d1cc93cca45069c528c15c9fdd749>:0 
  at System.RuntimeType.CreateInstanceDefaultCtor (System.Boolean publicOnly, System.Boolean skipCheckThis, System.Boolean fillCache, System.Threading.StackCrawlMark& stackMark) [0x00027] in <695d1cc93cca45069c528c15c9fdd749>:0 
  at System.Activator.CreateInstance (System.Type type, System.Boolean nonPublic) [0x00020] in <695d1cc93cca45069c528c15c9fdd749>:0 
  at System.Configuration.ConfigInfo.CreateInstance () [0x00026] in <69ae0fc844ec4885bfe71bd6af3dae67>:0 
  at System.Configuration.SectionInfo.CreateInstance () [0x00000] in <69ae0fc844ec4885bfe71bd6af3dae67>:0 
  at System.Configuration.Configuration.GetSectionInstance (System.Configuration.SectionInfo config, System.Boolean createDefaultInstance) [0x0001c] in <69ae0fc844ec4885bfe71bd6af3dae67>:0 
  at System.Configuration.ConfigurationSectionCollection.get_Item (System.String name) [0x0002c] in <69ae0fc844ec4885bfe71bd6af3dae67>:0 
  at System.Configuration.Configuration.GetSection (System.String sectionName) [0x0001e] in <69ae0fc844ec4885bfe71bd6af3dae67>:0 
  at System.Configuration.ClientConfigurationSystem.System.Configuration.Internal.IInternalConfigSystem.GetSection (System.String configKey) [0x00006] in <69ae0fc844ec4885bfe71bd6af3dae67>:0 
  at System.Configuration.ConfigurationManager.GetSection (System.String sectionName) [0x00005] in <69ae0fc844ec4885bfe71bd6af3dae67>:0 
  at System.Configuration.ConfigurationManager.get_AppSettings () [0x00000] in <69ae0fc844ec4885bfe71bd6af3dae67>:0 
  at log4net.Util.SystemInfo.GetAppSetting (System.String key) [0x00002] in <e1a77b5dfa0c4a1f8ba616c017f5e0b8>:0 
log4net:ERROR Exception while reading ConfigurationSettings. Check your .config file is well formed XML.
System.Reflection.TargetInvocationException: Exception has been thrown by the target of an invocation. ---> System.TypeInitializationException: The type initializer for 'System.Configuration.AppSettingsSection' threw an exception. ---> System.TypeInitializationException: The type initializer for 'System.ComponentModel.TypeDescriptor' threw an exception. ---> System.NullReferenceException: Object reference not set to an instance of an object
  at System.Guid.NewGuid () [0x00029] in <695d1cc93cca45069c528c15c9fdd749>:0 
  at System.ComponentModel.TypeDescriptor..cctor () [0x00034] in <aa976c2104104b7ca9e1785715722c9d>:0 
   --- End of inner exception stack trace ---
  at System.Configuration.ConfigurationProperty..ctor (System.String name, System.Type type, System.Object defaultValue, System.Configuration.ConfigurationPropertyOptions options) [0x00000] in <69ae0fc844ec4885bfe71bd6af3dae67>:0 
  at System.Diagnostics.AssertSection..cctor () [0x00000] in <aa976c2104104b7ca9e1785715722c9d>:0 
   --- End of inner exception stack trace ---
  at (wrapper managed-to-native) System.Reflection.MonoCMethod.InternalInvoke(System.Reflection.MonoCMethod,object,object[],System.Exception&)
  at System.Reflection.MonoCMethod.InternalInvoke (System.Object obj, System.Object[] parameters) [0x00002] in <695d1cc93cca45069c528c15c9fdd749>:0 
   --- End of inner exception stack trace ---
  at System.Reflection.MonoCMethod.InternalInvoke (System.Object obj, System.Object[] parameters) [0x00014] in <695d1cc93cca45069c528c15c9fdd749>:0 
  at System.RuntimeType.CreateInstanceMono (System.Boolean nonPublic) [0x000a8] in <695d1cc93cca45069c528c15c9fdd749>:0 
  at System.RuntimeType.CreateInstanceSlow (System.Boolean publicOnly, System.Boolean skipCheckThis, System.Boolean fillCache, System.Threading.StackCrawlMark& stackMark) [0x00009] in <695d1cc93cca45069c528c15c9fdd749>:0 
  at System.RuntimeType.CreateInstanceDefaultCtor (System.Boolean publicOnly, System.Boolean skipCheckThis, System.Boolean fillCache, System.Threading.StackCrawlMark& stackMark) [0x00027] in <695d1cc93cca45069c528c15c9fdd749>:0 
  at System.Activator.CreateInstance (System.Type type, System.Boolean nonPublic) [0x00020] in <695d1cc93cca45069c528c15c9fdd749>:0 
  at System.Configuration.ConfigInfo.CreateInstance () [0x00026] in <69ae0fc844ec4885bfe71bd6af3dae67>:0 
  at System.Configuration.SectionInfo.CreateInstance () [0x00000] in <69ae0fc844ec4885bfe71bd6af3dae67>:0 
  at System.Configuration.Configuration.GetSectionInstance (System.Configuration.SectionInfo config, System.Boolean createDefaultInstance) [0x0001c] in <69ae0fc844ec4885bfe71bd6af3dae67>:0 
  at System.Configuration.ConfigurationSectionCollection.get_Item (System.String name) [0x0002c] in <69ae0fc844ec4885bfe71bd6af3dae67>:0 
  at System.Configuration.Configuration.GetSection (System.String sectionName) [0x0001e] in <69ae0fc844ec4885bfe71bd6af3dae67>:0 
  at System.Configuration.ClientConfigurationSystem.System.Configuration.Internal.IInternalConfigSystem.GetSection (System.String configKey) [0x00006] in <69ae0fc844ec4885bfe71bd6af3dae67>:0 
  at System.Configuration.ConfigurationManager.GetSection (System.String sectionName) [0x00005] in <69ae0fc844ec4885bfe71bd6af3dae67>:0 
  at System.Configuration.ConfigurationManager.get_AppSettings () [0x00000] in <69ae0fc844ec4885bfe71bd6af3dae67>:0 
  at log4net.Util.SystemInfo.GetAppSetting (System.String key) [0x00002] in <e1a77b5dfa0c4a1f8ba616c017f5e0b8>:0 
log4net:ERROR Exception while reading ConfigurationSettings. Check your .config file is well formed XML.
System.Reflection.TargetInvocationException: Exception has been thrown by the target of an invocation. ---> System.TypeInitializationException: The type initializer for 'System.Configuration.AppSettingsSection' threw an exception. ---> System.TypeInitializationException: The type initializer for 'System.ComponentModel.TypeDescriptor' threw an exception. ---> System.NullReferenceException: Object reference not set to an instance of an object
  at System.Guid.NewGuid () [0x00029] in <695d1cc93cca45069c528c15c9fdd749>:0 
  at System.ComponentModel.TypeDescriptor..cctor () [0x00034] in <aa976c2104104b7ca9e1785715722c9d>:0 
   --- End of inner exception stack trace ---
  at System.Configuration.ConfigurationProperty..ctor (System.String name, System.Type type, System.Object defaultValue, System.Configuration.ConfigurationPropertyOptions options) [0x00000] in <69ae0fc844ec4885bfe71bd6af3dae67>:0 
  at System.Diagnostics.AssertSection..cctor () [0x00000] in <aa976c2104104b7ca9e1785715722c9d>:0 
   --- End of inner exception stack trace ---
  at (wrapper managed-to-native) System.Reflection.MonoCMethod.InternalInvoke(System.Reflection.MonoCMethod,object,object[],System.Exception&)
  at System.Reflection.MonoCMethod.InternalInvoke (System.Object obj, System.Object[] parameters) [0x00002] in <695d1cc93cca45069c528c15c9fdd749>:0 
   --- End of inner exception stack trace ---
  at System.Reflection.MonoCMethod.InternalInvoke (System.Object obj, System.Object[] parameters) [0x00014] in <695d1cc93cca45069c528c15c9fdd749>:0 
  at System.RuntimeType.CreateInstanceMono (System.Boolean nonPublic) [0x000a8] in <695d1cc93cca45069c528c15c9fdd749>:0 
  at System.RuntimeType.CreateInstanceSlow (System.Boolean publicOnly, System.Boolean skipCheckThis, System.Boolean fillCache, System.Threading.StackCrawlMark& stackMark) [0x00009] in <695d1cc93cca45069c528c15c9fdd749>:0 
  at System.RuntimeType.CreateInstanceDefaultCtor (System.Boolean publicOnly, System.Boolean skipCheckThis, System.Boolean fillCache, System.Threading.StackCrawlMark& stackMark) [0x00027] in <695d1cc93cca45069c528c15c9fdd749>:0 
  at System.Activator.CreateInstance (System.Type type, System.Boolean nonPublic) [0x00020] in <695d1cc93cca45069c528c15c9fdd749>:0 
  at System.Configuration.ConfigInfo.CreateInstance () [0x00026] in <69ae0fc844ec4885bfe71bd6af3dae67>:0 
  at System.Configuration.SectionInfo.CreateInstance () [0x00000] in <69ae0fc844ec4885bfe71bd6af3dae67>:0 
  at System.Configuration.Configuration.GetSectionInstance (System.Configuration.SectionInfo config, System.Boolean createDefaultInstance) [0x0001c] in <69ae0fc844ec4885bfe71bd6af3dae67>:0 
  at System.Configuration.ConfigurationSectionCollection.get_Item (System.String name) [0x0002c] in <69ae0fc844ec4885bfe71bd6af3dae67>:0 
  at System.Configuration.Configuration.GetSection (System.String sectionName) [0x0001e] in <69ae0fc844ec4885bfe71bd6af3dae67>:0 
  at System.Configuration.ClientConfigurationSystem.System.Configuration.Internal.IInternalConfigSystem.GetSection (System.String configKey) [0x00006] in <69ae0fc844ec4885bfe71bd6af3dae67>:0 
  at System.Configuration.ConfigurationManager.GetSection (System.String sectionName) [0x00005] in <69ae0fc844ec4885bfe71bd6af3dae67>:0 
  at System.Configuration.ConfigurationManager.get_AppSettings () [0x00000] in <69ae0fc844ec4885bfe71bd6af3dae67>:0 
  at log4net.Util.SystemInfo.GetAppSetting (System.String key) [0x00002] in <e1a77b5dfa0c4a1f8ba616c017f5e0b8>:0 
Mono: successfully reloaded assembly
- Completed reload, in  2.277 seconds
Platform modules already initialized, skipping
Refreshing native plugins compatible for Editor in 0.96 ms, found 3 plugins.
Preloading 0 native plugins for Editor in 0.00 ms.
Unloading 2083 Unused Serialized files (Serialized files now loaded: 0)
System memory in use before: 97.9 MB.
System memory in use after: 98.0 MB.

Unloading 19 unused Assets to reduce memory usage. Loaded Objects now: 2681.
Total: 4.426339 ms (FindLiveObjects: 0.260687 ms CreateObjectMapping: 0.110843 ms MarkObjects: 3.886081 ms  DeleteObjects: 0.166675 ms)

AssetImportParameters requested are different than current active one (requested -> active):
  custom:framework-win-MediaFoundation: 216162199b28c13a410421893ffa2e32 -> 
  custom:video-decoder-ogg-theora: a1e56fd34408186e4bbccfd4996cb3dc -> 
  custom:container-muxer-webm: aa71ff27fc2769a1b78a27578f13a17b -> 
  custom:container-demuxer-webm: 4f35f7cbe854078d1ac9338744f61a02 -> 
  custom:container-demuxer-ogg: 62fdf1f143b41e24485cea50d1cbac27 -> 
  custom:video-encoder-webm-vp8: eb34c28f22e8b96e1ab97ce403110664 -> 
  custom:video-decoder-webm-vp8: 9c59270c3fd7afecdb556c50c9e8de78 -> 
  custom:audio-decoder-ogg-vorbis: bf7c407c2cedff20999df2af8eb42d56 -> 
  custom:audio-encoder-webm-vorbis: bf7c407c2cedff20999df2af8eb42d56 -> 
